{"/home/pjhul/auth0-web-extension/src/Auth0Client.ts": {"path":"/home/pjhul/auth0-web-extension/src/Auth0Client.ts","statementMap":{"0":{"start":{"line":1,"column":0},"end":{"line":1,"column":43}},"1":{"start":{"line":3,"column":0},"end":{"line":3,"column":25}},"2":{"start":{"line":5,"column":0},"end":{"line":5,"column":null}},"3":{"start":{"line":14,"column":0},"end":{"line":14,"column":34}},"4":{"start":{"line":15,"column":0},"end":{"line":15,"column":37}},"5":{"start":{"line":16,"column":0},"end":{"line":16,"column":41}},"6":{"start":{"line":18,"column":0},"end":{"line":18,"column":null}},"7":{"start":{"line":26,"column":0},"end":{"line":26,"column":null}},"8":{"start":{"line":51,"column":0},"end":{"line":51,"column":39}},"9":{"start":{"line":53,"column":0},"end":{"line":53,"column":68}},"10":{"start":{"line":55,"column":13},"end":{"line":55,"column":23}},"11":{"start":{"line":57,"column":36},"end":{"line":57,"column":65}},"12":{"start":{"line":73,"column":22},"end":{"line":73,"column":49}},"13":{"start":{"line":74,"column":4},"end":{"line":74,"column":21}},"14":{"start":{"line":78,"column":4},"end":{"line":82,"column":null}},"15":{"start":{"line":79,"column":6},"end":{"line":81,"column":8}},"16":{"start":{"line":86,"column":4},"end":{"line":100,"column":null}},"17":{"start":{"line":87,"column":6},"end":{"line":87,"column":28}},"18":{"start":{"line":89,"column":6},"end":{"line":89,"column":49}},"19":{"start":{"line":91,"column":6},"end":{"line":91,"column":74}},"20":{"start":{"line":93,"column":22},"end":{"line":93,"column":54}},"21":{"start":{"line":95,"column":6},"end":{"line":97,"column":null}},"22":{"start":{"line":96,"column":8},"end":{"line":96,"column":74}},"23":{"start":{"line":99,"column":6},"end":{"line":99,"column":24}},"24":{"start":{"line":102,"column":4},"end":{"line":102,"column":36}},"25":{"start":{"line":104,"column":4},"end":{"line":104,"column":72}},"26":{"start":{"line":106,"column":4},"end":{"line":112,"column":6}},"27":{"start":{"line":114,"column":4},"end":{"line":114,"column":52}},"28":{"start":{"line":115,"column":4},"end":{"line":115,"column":75}},"29":{"start":{"line":117,"column":4},"end":{"line":122,"column":6}},"30":{"start":{"line":124,"column":4},"end":{"line":126,"column":null}},"31":{"start":{"line":128,"column":4},"end":{"line":128,"column":58}},"32":{"start":{"line":133,"column":4},"end":{"line":133,"column":null}},"33":{"start":{"line":161,"column":8},"end":{"line":161,"column":20}},"34":{"start":{"line":159,"column":12},"end":{"line":159,"column":null}},"35":{"start":{"line":160,"column":21},"end":{"line":161,"column":8}},"36":{"start":{"line":163,"column":4},"end":{"line":177,"column":null}},"37":{"start":{"line":182,"column":4},"end":{"line":182,"column":74}},"38":{"start":{"line":202,"column":21},"end":{"line":202,"column":75}},"39":{"start":{"line":203,"column":18},"end":{"line":203,"column":79}},"40":{"start":{"line":205,"column":4},"end":{"line":208,"column":7}},"41":{"start":{"line":210,"column":18},"end":{"line":215,"column":null}},"42":{"start":{"line":218,"column":4},"end":{"line":218,"column":58}},"43":{"start":{"line":237,"column":21},"end":{"line":237,"column":75}},"44":{"start":{"line":238,"column":18},"end":{"line":238,"column":79}},"45":{"start":{"line":240,"column":4},"end":{"line":243,"column":7}},"46":{"start":{"line":245,"column":18},"end":{"line":250,"column":null}},"47":{"start":{"line":253,"column":4},"end":{"line":253,"column":39}},"48":{"start":{"line":266,"column":17},"end":{"line":266,"column":37}},"49":{"start":{"line":267,"column":4},"end":{"line":267,"column":25}},"50":{"start":{"line":273,"column":4},"end":{"line":279,"column":null}},"51":{"start":{"line":274,"column":6},"end":{"line":274,"column":43}},"52":{"start":{"line":276,"column":6},"end":{"line":278,"column":null}},"53":{"start":{"line":277,"column":8},"end":{"line":277,"column":20}},"54":{"start":{"line":302,"column":4},"end":{"line":311,"column":6}},"55":{"start":{"line":304,"column":8},"end":{"line":308,"column":null}},"56":{"start":{"line":317,"column":48},"end":{"line":317,"column":55}},"57":{"start":{"line":317,"column":43},"end":{"line":317,"column":48}},"58":{"start":{"line":319,"column":4},"end":{"line":330,"column":null}},"59":{"start":{"line":320,"column":20},"end":{"line":325,"column":8}},"60":{"start":{"line":327,"column":6},"end":{"line":329,"column":null}},"61":{"start":{"line":328,"column":8},"end":{"line":328,"column":21}},"62":{"start":{"line":332,"column":4},"end":{"line":381,"column":null}},"63":{"start":{"line":334,"column":14},"end":{"line":334,"column":65}},"64":{"start":{"line":338,"column":6},"end":{"line":378,"column":null}},"65":{"start":{"line":339,"column":8},"end":{"line":350,"column":null}},"66":{"start":{"line":340,"column":24},"end":{"line":345,"column":12}},"67":{"start":{"line":347,"column":10},"end":{"line":349,"column":null}},"68":{"start":{"line":348,"column":12},"end":{"line":348,"column":25}},"69":{"start":{"line":352,"column":27},"end":{"line":354,"column":60}},"70":{"start":{"line":356,"column":8},"end":{"line":359,"column":null}},"71":{"start":{"line":363,"column":8},"end":{"line":372,"column":null}},"72":{"start":{"line":364,"column":74},"end":{"line":364,"column":84}},"73":{"start":{"line":366,"column":10},"end":{"line":370,"column":null}},"74":{"start":{"line":374,"column":8},"end":{"line":374,"column":39}},"75":{"start":{"line":377,"column":8},"end":{"line":377,"column":null}},"76":{"start":{"line":380,"column":6},"end":{"line":380,"column":31}},"77":{"start":{"line":387,"column":4},"end":{"line":387,"column":91}},"78":{"start":{"line":393,"column":20},"end":{"line":393,"column":54}},"79":{"start":{"line":394,"column":20},"end":{"line":394,"column":54}},"80":{"start":{"line":395,"column":26},"end":{"line":395,"column":52}},"81":{"start":{"line":396,"column":33},"end":{"line":396,"column":60}},"82":{"start":{"line":397,"column":27},"end":{"line":397,"column":73}},"83":{"start":{"line":399,"column":19},"end":{"line":404,"column":null}},"84":{"start":{"line":409,"column":16},"end":{"line":412,"column":null}},"85":{"start":{"line":416,"column":6},"end":{"line":416,"column":72}},"86":{"start":{"line":418,"column":4},"end":{"line":503,"column":null}},"87":{"start":{"line":419,"column":20},"end":{"line":421,"column":null}},"88":{"start":{"line":424,"column":6},"end":{"line":426,"column":null}},"89":{"start":{"line":425,"column":8},"end":{"line":425,"column":null}},"90":{"start":{"line":428,"column":47},"end":{"line":454,"column":8}},"91":{"start":{"line":429,"column":27},"end":{"line":429,"column":82}},"92":{"start":{"line":431,"column":24},"end":{"line":447,"column":9}},"93":{"start":{"line":432,"column":10},"end":{"line":446,"column":null}},"94":{"start":{"line":433,"column":12},"end":{"line":440,"column":15}},"95":{"start":{"line":434,"column":14},"end":{"line":434,"column":31}},"96":{"start":{"line":436,"column":14},"end":{"line":436,"column":37}},"97":{"start":{"line":437,"column":14},"end":{"line":437,"column":38}},"98":{"start":{"line":439,"column":14},"end":{"line":439,"column":64}},"99":{"start":{"line":442,"column":12},"end":{"line":445,"column":15}},"100":{"start":{"line":449,"column":8},"end":{"line":449,"column":55}},"101":{"start":{"line":451,"column":8},"end":{"line":453,"column":11}},"102":{"start":{"line":456,"column":6},"end":{"line":458,"column":null}},"103":{"start":{"line":457,"column":8},"end":{"line":457,"column":41}},"104":{"start":{"line":468,"column":10},"end":{"line":468,"column":17}},"105":{"start":{"line":467,"column":24},"end":{"line":468,"column":10}},"106":{"start":{"line":470,"column":26},"end":{"line":482,"column":null}},"107":{"start":{"line":485,"column":27},"end":{"line":487,"column":null}},"108":{"start":{"line":490,"column":6},"end":{"line":495,"column":null}},"109":{"start":{"line":498,"column":6},"end":{"line":500,"column":null}},"110":{"start":{"line":502,"column":6},"end":{"line":502,"column":14}},"111":{"start":{"line":507,"column":25},"end":{"line":507,"column":62}},"112":{"start":{"line":508,"column":23},"end":{"line":508,"column":61}},"113":{"start":{"line":510,"column":19},"end":{"line":510,"column":35}},"114":{"start":{"line":512,"column":4},"end":{"line":519,"column":null}},"115":{"start":{"line":514,"column":19},"end":{"line":514,"column":57}},"116":{"start":{"line":516,"column":6},"end":{"line":518,"column":null}},"117":{"start":{"line":517,"column":8},"end":{"line":517,"column":18}},"118":{"start":{"line":521,"column":4},"end":{"line":521,"column":42}},"119":{"start":{"line":529,"column":16},"end":{"line":529,"column":40}},"120":{"start":{"line":531,"column":4},"end":{"line":540,"column":7}},"121":{"start":{"line":549,"column":18},"end":{"line":555,"column":null}},"122":{"start":{"line":558,"column":4},"end":{"line":575,"column":null}},"123":{"start":{"line":559,"column":6},"end":{"line":574,"column":null}},"124":{"start":{"line":560,"column":72},"end":{"line":560,"column":77}},"125":{"start":{"line":562,"column":8},"end":{"line":564,"column":null}},"126":{"start":{"line":563,"column":10},"end":{"line":563,"column":27}},"127":{"start":{"line":566,"column":8},"end":{"line":570,"column":null}},"128":{"start":{"line":573,"column":8},"end":{"line":573,"column":34}},"129":{"start":{"line":62,"column":0},"end":{"line":62,"column":21}},"130":{"start":{"line":579,"column":20},"end":{"line":585,"column":1}},"131":{"start":{"line":580,"column":2},"end":{"line":584,"column":null}},"132":{"start":{"line":581,"column":4},"end":{"line":581,"column":17}},"133":{"start":{"line":583,"column":4},"end":{"line":583,"column":null}},"134":{"start":{"line":587,"column":18},"end":{"line":593,"column":1}},"135":{"start":{"line":588,"column":2},"end":{"line":592,"column":null}},"136":{"start":{"line":589,"column":4},"end":{"line":589,"column":34}},"137":{"start":{"line":591,"column":4},"end":{"line":591,"column":21}},"138":{"start":{"line":595,"column":60},"end":{"line":597,"column":null}},"139":{"start":{"line":596,"column":33},"end":{"line":596,"column":66}},"140":{"start":{"line":599,"column":21},"end":{"line":601,"column":1}},"141":{"start":{"line":600,"column":2},"end":{"line":600,"column":41}},"142":{"start":{"line":603,"column":23},"end":{"line":609,"column":1}},"143":{"start":{"line":604,"column":2},"end":{"line":608,"column":null}},"144":{"start":{"line":605,"column":4},"end":{"line":605,"column":73}},"145":{"start":{"line":607,"column":4},"end":{"line":607,"column":27}},"146":{"start":{"line":611,"column":32},"end":{"line":633,"column":1}},"147":{"start":{"line":631,"column":6},"end":{"line":631,"column":13}},"148":{"start":{"line":630,"column":19},"end":{"line":631,"column":6}},"149":{"start":{"line":632,"column":2},"end":{"line":632,"column":22}}},"fnMap":{"0":{"name":"(anonymous_9)","decl":{"start":{"line":73,"column":2},"end":{"line":73,"column":22}},"loc":{"start":{"line":73,"column":49},"end":{"line":129,"column":3}}},"1":{"name":"(anonymous_10)","decl":{"start":{"line":131,"column":10},"end":{"line":131,"column":14}},"loc":{"start":{"line":131,"column":27},"end":{"line":134,"column":3}}},"2":{"name":"(anonymous_11)","decl":{"start":{"line":136,"column":10},"end":{"line":136,"column":20}},"loc":{"start":{"line":141,"column":36},"end":{"line":179,"column":3}}},"3":{"name":"(anonymous_12)","decl":{"start":{"line":181,"column":10},"end":{"line":181,"column":23}},"loc":{"start":{"line":181,"column":58},"end":{"line":183,"column":3}}},"4":{"name":"(anonymous_13)","decl":{"start":{"line":199,"column":15},"end":{"line":199,"column":22}},"loc":{"start":{"line":200,"column":32},"end":{"line":219,"column":null}}},"5":{"name":"(anonymous_15)","decl":{"start":{"line":234,"column":15},"end":{"line":234,"column":31}},"loc":{"start":{"line":235,"column":41},"end":{"line":254,"column":null}}},"6":{"name":"(anonymous_17)","decl":{"start":{"line":265,"column":15},"end":{"line":265,"column":30}},"loc":{"start":{"line":265,"column":30},"end":{"line":268,"column":null}}},"7":{"name":"(anonymous_19)","decl":{"start":{"line":270,"column":15},"end":{"line":270,"column":27}},"loc":{"start":{"line":270,"column":61},"end":{"line":280,"column":null}}},"8":{"name":"(anonymous_21)","decl":{"start":{"line":299,"column":15},"end":{"line":299,"column":31}},"loc":{"start":{"line":300,"column":41},"end":{"line":312,"column":null}}},"9":{"name":"(anonymous_23)","decl":{"start":{"line":303,"column":6},"end":{"line":303,"column":9}},"loc":{"start":{"line":304,"column":8},"end":{"line":308,"column":null}}},"10":{"name":"(anonymous_24)","decl":{"start":{"line":314,"column":16},"end":{"line":314,"column":33}},"loc":{"start":{"line":315,"column":41},"end":{"line":382,"column":null}}},"11":{"name":"(anonymous_26)","decl":{"start":{"line":334,"column":8},"end":{"line":334,"column":11}},"loc":{"start":{"line":334,"column":14},"end":{"line":334,"column":65}}},"12":{"name":"(anonymous_27)","decl":{"start":{"line":384,"column":16},"end":{"line":384,"column":42}},"loc":{"start":{"line":385,"column":36},"end":{"line":388,"column":null}}},"13":{"name":"(anonymous_29)","decl":{"start":{"line":390,"column":16},"end":{"line":390,"column":36}},"loc":{"start":{"line":391,"column":36},"end":{"line":504,"column":null}}},"14":{"name":"(anonymous_31)","decl":{"start":{"line":428,"column":65},"end":{"line":428,"column":66}},"loc":{"start":{"line":428,"column":77},"end":{"line":454,"column":7}}},"15":{"name":"(anonymous_32)","decl":{"start":{"line":431,"column":24},"end":{"line":431,"column":25}},"loc":{"start":{"line":431,"column":60},"end":{"line":447,"column":9}}},"16":{"name":"(anonymous_33)","decl":{"start":{"line":433,"column":44},"end":{"line":433,"column":51}},"loc":{"start":{"line":433,"column":54},"end":{"line":440,"column":13}}},"17":{"name":"(anonymous_34)","decl":{"start":{"line":506,"column":16},"end":{"line":506,"column":25}},"loc":{"start":{"line":506,"column":25},"end":{"line":522,"column":null}}},"18":{"name":"(anonymous_36)","decl":{"start":{"line":524,"column":16},"end":{"line":524,"column":30}},"loc":{"start":{"line":527,"column":27},"end":{"line":541,"column":null}}},"19":{"name":"(anonymous_38)","decl":{"start":{"line":543,"column":16},"end":{"line":543,"column":34}},"loc":{"start":{"line":548,"column":29},"end":{"line":576,"column":null}}},"20":{"name":"(anonymous_40)","decl":{"start":{"line":579,"column":20},"end":{"line":579,"column":21}},"loc":{"start":{"line":579,"column":55},"end":{"line":585,"column":1}}},"21":{"name":"(anonymous_41)","decl":{"start":{"line":587,"column":18},"end":{"line":587,"column":19}},"loc":{"start":{"line":587,"column":40},"end":{"line":593,"column":1}}},"22":{"name":"(anonymous_42)","decl":{"start":{"line":596,"column":27},"end":{"line":596,"column":30}},"loc":{"start":{"line":596,"column":33},"end":{"line":596,"column":66}}},"23":{"name":"(anonymous_43)","decl":{"start":{"line":599,"column":21},"end":{"line":599,"column":22}},"loc":{"start":{"line":599,"column":42},"end":{"line":601,"column":1}}},"24":{"name":"(anonymous_44)","decl":{"start":{"line":603,"column":23},"end":{"line":603,"column":24}},"loc":{"start":{"line":603,"column":73},"end":{"line":609,"column":1}}},"25":{"name":"(anonymous_45)","decl":{"start":{"line":611,"column":32},"end":{"line":611,"column":null}},"loc":{"start":{"line":613,"column":22},"end":{"line":633,"column":1}}}},"branchMap":{"0":{"loc":{"start":{"line":78,"column":4},"end":{"line":82,"column":null}},"type":"if","locations":[{"start":{"line":78,"column":4},"end":{"line":82,"column":null}}]},"1":{"loc":{"start":{"line":78,"column":7},"end":{"line":78,"column":45}},"type":"binary-expr","locations":[{"start":{"line":78,"column":7},"end":{"line":78,"column":20}},{"start":{"line":78,"column":24},"end":{"line":78,"column":45}}]},"2":{"loc":{"start":{"line":86,"column":4},"end":{"line":100,"column":null}},"type":"if","locations":[{"start":{"line":86,"column":4},"end":{"line":100,"column":null}},{"start":{"line":90,"column":11},"end":{"line":100,"column":null}}]},"3":{"loc":{"start":{"line":91,"column":27},"end":{"line":91,"column":73}},"type":"binary-expr","locations":[{"start":{"line":91,"column":27},"end":{"line":91,"column":48}},{"start":{"line":91,"column":52},"end":{"line":91,"column":73}}]},"4":{"loc":{"start":{"line":95,"column":6},"end":{"line":97,"column":null}},"type":"if","locations":[{"start":{"line":95,"column":6},"end":{"line":97,"column":null}}]},"5":{"loc":{"start":{"line":104,"column":23},"end":{"line":104,"column":71}},"type":"binary-expr","locations":[{"start":{"line":104,"column":23},"end":{"line":104,"column":47}},{"start":{"line":104,"column":51},"end":{"line":104,"column":71}}]},"6":{"loc":{"start":{"line":108,"column":6},"end":{"line":110,"column":14}},"type":"cond-expr","locations":[{"start":{"line":109,"column":10},"end":{"line":109,"column":61}},{"start":{"line":110,"column":10},"end":{"line":110,"column":14}}]},"7":{"loc":{"start":{"line":119,"column":6},"end":{"line":121,"column":23}},"type":"cond-expr","locations":[{"start":{"line":120,"column":10},"end":{"line":120,"column":51}},{"start":{"line":121,"column":10},"end":{"line":121,"column":23}}]},"8":{"loc":{"start":{"line":119,"column":6},"end":{"line":119,"column":49}},"type":"cond-expr","locations":[{"start":{"line":119,"column":35},"end":{"line":119,"column":37}},{"start":{"line":119,"column":35},"end":{"line":119,"column":49}}]},"9":{"loc":{"start":{"line":119,"column":6},"end":{"line":119,"column":37}},"type":"binary-expr","locations":[{"start":{"line":119,"column":6},"end":{"line":119,"column":37}},{"start":{"line":119,"column":35},"end":{"line":119,"column":37}}]},"10":{"loc":{"start":{"line":119,"column":6},"end":{"line":119,"column":35}},"type":"cond-expr","locations":[{"start":{"line":119,"column":18},"end":{"line":119,"column":20}},{"start":{"line":119,"column":18},"end":{"line":119,"column":35}}]},"11":{"loc":{"start":{"line":119,"column":6},"end":{"line":119,"column":20}},"type":"binary-expr","locations":[{"start":{"line":119,"column":6},"end":{"line":119,"column":20}},{"start":{"line":119,"column":18},"end":{"line":119,"column":20}}]},"12":{"loc":{"start":{"line":124,"column":4},"end":{"line":126,"column":null}},"type":"if","locations":[{"start":{"line":124,"column":4},"end":{"line":126,"column":null}}]},"13":{"loc":{"start":{"line":175,"column":20},"end":{"line":175,"column":61}},"type":"binary-expr","locations":[{"start":{"line":175,"column":20},"end":{"line":175,"column":32}},{"start":{"line":175,"column":36},"end":{"line":175,"column":61}}]},"14":{"loc":{"start":{"line":200,"column":4},"end":{"line":200,"column":32}},"type":"default-arg","locations":[{"start":{"line":200,"column":30},"end":{"line":200,"column":32}}]},"15":{"loc":{"start":{"line":202,"column":21},"end":{"line":202,"column":75}},"type":"binary-expr","locations":[{"start":{"line":202,"column":21},"end":{"line":202,"column":37}},{"start":{"line":202,"column":41},"end":{"line":202,"column":62}},{"start":{"line":202,"column":66},"end":{"line":202,"column":75}}]},"16":{"loc":{"start":{"line":218,"column":11},"end":{"line":218,"column":57}},"type":"cond-expr","locations":[{"start":{"line":218,"column":30},"end":{"line":218,"column":32}},{"start":{"line":218,"column":30},"end":{"line":218,"column":57}}]},"17":{"loc":{"start":{"line":218,"column":11},"end":{"line":218,"column":32}},"type":"binary-expr","locations":[{"start":{"line":218,"column":11},"end":{"line":218,"column":32}},{"start":{"line":218,"column":30},"end":{"line":218,"column":32}}]},"18":{"loc":{"start":{"line":218,"column":11},"end":{"line":218,"column":30}},"type":"cond-expr","locations":[{"start":{"line":218,"column":16},"end":{"line":218,"column":18}},{"start":{"line":218,"column":11},"end":{"line":218,"column":30}}]},"19":{"loc":{"start":{"line":218,"column":11},"end":{"line":218,"column":18}},"type":"binary-expr","locations":[{"start":{"line":218,"column":11},"end":{"line":218,"column":18}},{"start":{"line":218,"column":11},"end":{"line":218,"column":18}}]},"20":{"loc":{"start":{"line":235,"column":4},"end":{"line":235,"column":41}},"type":"default-arg","locations":[{"start":{"line":235,"column":39},"end":{"line":235,"column":41}}]},"21":{"loc":{"start":{"line":237,"column":21},"end":{"line":237,"column":75}},"type":"binary-expr","locations":[{"start":{"line":237,"column":21},"end":{"line":237,"column":37}},{"start":{"line":237,"column":41},"end":{"line":237,"column":62}},{"start":{"line":237,"column":66},"end":{"line":237,"column":75}}]},"22":{"loc":{"start":{"line":253,"column":11},"end":{"line":253,"column":38}},"type":"cond-expr","locations":[{"start":{"line":253,"column":30},"end":{"line":253,"column":32}},{"start":{"line":253,"column":30},"end":{"line":253,"column":38}}]},"23":{"loc":{"start":{"line":253,"column":11},"end":{"line":253,"column":32}},"type":"binary-expr","locations":[{"start":{"line":253,"column":11},"end":{"line":253,"column":32}},{"start":{"line":253,"column":30},"end":{"line":253,"column":32}}]},"24":{"loc":{"start":{"line":253,"column":11},"end":{"line":253,"column":30}},"type":"cond-expr","locations":[{"start":{"line":253,"column":16},"end":{"line":253,"column":18}},{"start":{"line":253,"column":11},"end":{"line":253,"column":30}}]},"25":{"loc":{"start":{"line":253,"column":11},"end":{"line":253,"column":18}},"type":"binary-expr","locations":[{"start":{"line":253,"column":11},"end":{"line":253,"column":18}},{"start":{"line":253,"column":11},"end":{"line":253,"column":18}}]},"26":{"loc":{"start":{"line":276,"column":6},"end":{"line":278,"column":null}},"type":"if","locations":[{"start":{"line":276,"column":6},"end":{"line":278,"column":null}}]},"27":{"loc":{"start":{"line":300,"column":4},"end":{"line":300,"column":41}},"type":"default-arg","locations":[{"start":{"line":300,"column":39},"end":{"line":300,"column":41}}]},"28":{"loc":{"start":{"line":315,"column":4},"end":{"line":315,"column":41}},"type":"default-arg","locations":[{"start":{"line":315,"column":39},"end":{"line":315,"column":41}}]},"29":{"loc":{"start":{"line":319,"column":4},"end":{"line":330,"column":null}},"type":"if","locations":[{"start":{"line":319,"column":4},"end":{"line":330,"column":null}}]},"30":{"loc":{"start":{"line":319,"column":7},"end":{"line":319,"column":44}},"type":"binary-expr","locations":[{"start":{"line":319,"column":7},"end":{"line":319,"column":19}},{"start":{"line":319,"column":23},"end":{"line":319,"column":44}}]},"31":{"loc":{"start":{"line":322,"column":18},"end":{"line":322,"column":55}},"type":"binary-expr","locations":[{"start":{"line":322,"column":18},"end":{"line":322,"column":42}},{"start":{"line":322,"column":46},"end":{"line":322,"column":55}}]},"32":{"loc":{"start":{"line":327,"column":6},"end":{"line":329,"column":null}},"type":"if","locations":[{"start":{"line":327,"column":6},"end":{"line":329,"column":null}}]},"33":{"loc":{"start":{"line":332,"column":4},"end":{"line":381,"column":null}},"type":"if","locations":[{"start":{"line":332,"column":4},"end":{"line":381,"column":null}},{"start":{"line":379,"column":11},"end":{"line":381,"column":null}}]},"34":{"loc":{"start":{"line":339,"column":8},"end":{"line":350,"column":null}},"type":"if","locations":[{"start":{"line":339,"column":8},"end":{"line":350,"column":null}}]},"35":{"loc":{"start":{"line":339,"column":11},"end":{"line":339,"column":48}},"type":"binary-expr","locations":[{"start":{"line":339,"column":11},"end":{"line":339,"column":23}},{"start":{"line":339,"column":27},"end":{"line":339,"column":48}}]},"36":{"loc":{"start":{"line":342,"column":22},"end":{"line":342,"column":59}},"type":"binary-expr","locations":[{"start":{"line":342,"column":22},"end":{"line":342,"column":46}},{"start":{"line":342,"column":50},"end":{"line":342,"column":59}}]},"37":{"loc":{"start":{"line":347,"column":10},"end":{"line":349,"column":null}},"type":"if","locations":[{"start":{"line":347,"column":10},"end":{"line":349,"column":null}}]},"38":{"loc":{"start":{"line":352,"column":27},"end":{"line":354,"column":60}},"type":"cond-expr","locations":[{"start":{"line":353,"column":12},"end":{"line":353,"column":66}},{"start":{"line":354,"column":12},"end":{"line":354,"column":60}}]},"39":{"loc":{"start":{"line":363,"column":8},"end":{"line":372,"column":null}},"type":"if","locations":[{"start":{"line":363,"column":8},"end":{"line":372,"column":null}}]},"40":{"loc":{"start":{"line":369,"column":16},"end":{"line":369,"column":67}},"type":"cond-expr","locations":[{"start":{"line":369,"column":34},"end":{"line":369,"column":60}},{"start":{"line":369,"column":63},"end":{"line":369,"column":67}}]},"41":{"loc":{"start":{"line":404,"column":6},"end":{"line":404,"column":55}},"type":"binary-expr","locations":[{"start":{"line":404,"column":6},"end":{"line":404,"column":26}},{"start":{"line":404,"column":30},"end":{"line":404,"column":55}}]},"42":{"loc":{"start":{"line":416,"column":6},"end":{"line":416,"column":72}},"type":"binary-expr","locations":[{"start":{"line":416,"column":6},"end":{"line":416,"column":30}},{"start":{"line":416,"column":34},"end":{"line":416,"column":72}}]},"43":{"loc":{"start":{"line":424,"column":6},"end":{"line":426,"column":null}},"type":"if","locations":[{"start":{"line":424,"column":6},"end":{"line":426,"column":null}}]},"44":{"loc":{"start":{"line":432,"column":10},"end":{"line":446,"column":null}},"type":"if","locations":[{"start":{"line":432,"column":10},"end":{"line":446,"column":null}}]},"45":{"loc":{"start":{"line":456,"column":6},"end":{"line":458,"column":null}},"type":"if","locations":[{"start":{"line":456,"column":6},"end":{"line":458,"column":null}}]},"46":{"loc":{"start":{"line":495,"column":18},"end":{"line":495,"column":46}},"type":"binary-expr","locations":[{"start":{"line":495,"column":18},"end":{"line":495,"column":33}},{"start":{"line":495,"column":37},"end":{"line":495,"column":46}}]},"47":{"loc":{"start":{"line":498,"column":6},"end":{"line":500,"column":null}},"type":"if","locations":[{"start":{"line":498,"column":6},"end":{"line":500,"column":null}}]},"48":{"loc":{"start":{"line":510,"column":19},"end":{"line":510,"column":35}},"type":"binary-expr","locations":[{"start":{"line":510,"column":19},"end":{"line":510,"column":29}},{"start":{"line":510,"column":33},"end":{"line":510,"column":35}}]},"49":{"loc":{"start":{"line":512,"column":4},"end":{"line":519,"column":null}},"type":"if","locations":[{"start":{"line":512,"column":4},"end":{"line":519,"column":null}}]},"50":{"loc":{"start":{"line":516,"column":6},"end":{"line":518,"column":null}},"type":"if","locations":[{"start":{"line":516,"column":6},"end":{"line":518,"column":null}}]},"51":{"loc":{"start":{"line":547,"column":4},"end":{"line":547,"column":28}},"type":"default-arg","locations":[{"start":{"line":547,"column":23},"end":{"line":547,"column":28}}]},"52":{"loc":{"start":{"line":558,"column":4},"end":{"line":575,"column":null}},"type":"if","locations":[{"start":{"line":558,"column":4},"end":{"line":575,"column":null}}]},"53":{"loc":{"start":{"line":558,"column":7},"end":{"line":558,"column":34}},"type":"binary-expr","locations":[{"start":{"line":558,"column":7},"end":{"line":558,"column":12}},{"start":{"line":558,"column":16},"end":{"line":558,"column":34}}]},"54":{"loc":{"start":{"line":559,"column":6},"end":{"line":574,"column":null}},"type":"if","locations":[{"start":{"line":559,"column":6},"end":{"line":574,"column":null}},{"start":{"line":572,"column":13},"end":{"line":574,"column":null}}]},"55":{"loc":{"start":{"line":562,"column":8},"end":{"line":564,"column":null}},"type":"if","locations":[{"start":{"line":562,"column":8},"end":{"line":564,"column":null}}]},"56":{"loc":{"start":{"line":562,"column":11},"end":{"line":562,"column":35}},"type":"binary-expr","locations":[{"start":{"line":562,"column":11},"end":{"line":562,"column":20}},{"start":{"line":562,"column":24},"end":{"line":562,"column":35}}]},"57":{"loc":{"start":{"line":569,"column":14},"end":{"line":569,"column":65}},"type":"cond-expr","locations":[{"start":{"line":569,"column":32},"end":{"line":569,"column":58}},{"start":{"line":569,"column":61},"end":{"line":569,"column":65}}]},"58":{"loc":{"start":{"line":580,"column":2},"end":{"line":584,"column":null}},"type":"if","locations":[{"start":{"line":580,"column":2},"end":{"line":584,"column":null}},{"start":{"line":582,"column":9},"end":{"line":584,"column":null}}]},"59":{"loc":{"start":{"line":583,"column":11},"end":{"line":583,"column":43}},"type":"binary-expr","locations":[{"start":{"line":583,"column":11},"end":{"line":583,"column":30}},{"start":{"line":583,"column":34},"end":{"line":583,"column":43}}]},"60":{"loc":{"start":{"line":588,"column":2},"end":{"line":592,"column":null}},"type":"if","locations":[{"start":{"line":588,"column":2},"end":{"line":592,"column":null}},{"start":{"line":590,"column":9},"end":{"line":592,"column":null}}]},"61":{"loc":{"start":{"line":604,"column":2},"end":{"line":608,"column":null}},"type":"if","locations":[{"start":{"line":604,"column":2},"end":{"line":608,"column":null}},{"start":{"line":606,"column":9},"end":{"line":608,"column":null}}]},"62":{"loc":{"start":{"line":605,"column":11},"end":{"line":605,"column":72}},"type":"cond-expr","locations":[{"start":{"line":605,"column":43},"end":{"line":605,"column":49}},{"start":{"line":605,"column":52},"end":{"line":605,"column":72}}]}},"s":{"0":2,"1":2,"2":2,"3":2,"4":2,"5":2,"6":2,"7":2,"8":2,"9":2,"10":2,"11":2,"12":10,"13":10,"14":10,"15":0,"16":10,"17":0,"18":0,"19":10,"20":10,"21":10,"22":1,"23":9,"24":9,"25":9,"26":9,"27":9,"28":9,"29":9,"30":9,"31":9,"32":0,"33":0,"34":0,"35":0,"36":0,"37":0,"38":0,"39":0,"40":0,"41":0,"42":0,"43":0,"44":0,"45":0,"46":0,"47":0,"48":0,"49":0,"50":0,"51":0,"52":0,"53":0,"54":0,"55":0,"56":0,"57":0,"58":0,"59":0,"60":0,"61":0,"62":0,"63":0,"64":0,"65":0,"66":0,"67":0,"68":0,"69":0,"70":0,"71":0,"72":0,"73":0,"74":0,"75":0,"76":0,"77":0,"78":0,"79":0,"80":0,"81":0,"82":0,"83":0,"84":0,"85":0,"86":0,"87":0,"88":0,"89":0,"90":0,"91":0,"92":0,"93":0,"94":0,"95":0,"96":0,"97":0,"98":0,"99":0,"100":0,"101":0,"102":0,"103":0,"104":0,"105":0,"106":0,"107":0,"108":0,"109":0,"110":0,"111":0,"112":0,"113":0,"114":0,"115":0,"116":0,"117":0,"118":0,"119":0,"120":0,"121":0,"122":0,"123":0,"124":0,"125":0,"126":0,"127":0,"128":0,"129":2,"130":2,"131":0,"132":0,"133":0,"134":2,"135":9,"136":7,"137":2,"138":2,"139":9,"140":2,"141":10,"142":2,"143":9,"144":2,"145":7,"146":2,"147":9,"148":9,"149":9},"f":{"0":10,"1":0,"2":0,"3":0,"4":0,"5":0,"6":0,"7":0,"8":0,"9":0,"10":0,"11":0,"12":0,"13":0,"14":0,"15":0,"16":0,"17":0,"18":0,"19":0,"20":0,"21":9,"22":9,"23":10,"24":9,"25":9},"b":{"0":[0],"1":[10,0],"2":[0,10],"3":[10,9],"4":[1],"5":[9,9],"6":[0,9],"7":[2,7],"8":[7,2],"9":[9,9],"10":[0,9],"11":[9,9],"12":[0],"13":[0,0],"14":[0],"15":[0,0,0],"16":[0,0],"17":[0,0],"18":[0,0],"19":[0,0],"20":[0],"21":[0,0,0],"22":[0,0],"23":[0,0],"24":[0,0],"25":[0,0],"26":[0],"27":[0],"28":[0],"29":[0],"30":[0,0],"31":[0,0],"32":[0],"33":[0,0],"34":[0],"35":[0,0],"36":[0,0],"37":[0],"38":[0,0],"39":[0],"40":[0,0],"41":[0,0],"42":[0,0],"43":[0],"44":[0],"45":[0],"46":[0,0],"47":[0],"48":[0,0],"49":[0],"50":[0],"51":[0],"52":[0],"53":[0,0],"54":[0,0],"55":[0],"56":[0,0],"57":[0,0],"58":[0,0],"59":[0,0],"60":[7,2],"61":[2,7],"62":[1,1]}}
,"/home/pjhul/auth0-web-extension/src/api.ts": {"path":"/home/pjhul/auth0-web-extension/src/api.ts","statementMap":{"0":{"start":{"line":2,"column":0},"end":{"line":2,"column":34}},"1":{"start":{"line":3,"column":0},"end":{"line":3,"column":43}},"2":{"start":{"line":11,"column":15},"end":{"line":11,"column":null}},"3":{"start":{"line":12,"column":14},"end":{"line":13,"column":25}},"4":{"start":{"line":15,"column":15},"end":{"line":17,"column":29}},"5":{"start":{"line":19,"column":2},"end":{"line":31,"column":4}},"6":{"start":{"line":5,"column":0},"end":{"line":5,"column":22}}},"fnMap":{"0":{"name":"oauthToken","decl":{"start":{"line":5,"column":22},"end":{"line":5,"column":32}},"loc":{"start":{"line":13,"column":25},"end":{"line":32,"column":null}}}},"branchMap":{"0":{"loc":{"start":{"line":15,"column":15},"end":{"line":17,"column":29}},"type":"cond-expr","locations":[{"start":{"line":16,"column":6},"end":{"line":16,"column":32}},{"start":{"line":17,"column":6},"end":{"line":17,"column":29}}]},"1":{"loc":{"start":{"line":25,"column":24},"end":{"line":27,"column":30}},"type":"cond-expr","locations":[{"start":{"line":26,"column":12},"end":{"line":26,"column":47}},{"start":{"line":27,"column":12},"end":{"line":27,"column":30}}]}},"s":{"0":3,"1":3,"2":8,"3":8,"4":8,"5":8,"6":3},"f":{"0":8},"b":{"0":[0,8],"1":[0,8]}}
,"/home/pjhul/auth0-web-extension/src/constants.ts": {"path":"/home/pjhul/auth0-web-extension/src/constants.ts","statementMap":{"0":{"start":{"line":1,"column":13},"end":{"line":1,"column":52}},"1":{"start":{"line":3,"column":13},"end":{"line":3,"column":62}},"2":{"start":{"line":4,"column":13},"end":{"line":4,"column":60}},"3":{"start":{"line":6,"column":13},"end":{"line":6,"column":46}},"4":{"start":{"line":8,"column":13},"end":{"line":17,"column":2}},"5":{"start":{"line":19,"column":13},"end":{"line":19,"column":46}},"6":{"start":{"line":20,"column":13},"end":{"line":20,"column":50}},"7":{"start":{"line":22,"column":36},"end":{"line":22,"column":52}},"8":{"start":{"line":22,"column":42},"end":{"line":22,"column":52}},"9":{"start":{"line":22,"column":13},"end":{"line":22,"column":36}}},"fnMap":{"0":{"name":"(anonymous_0)","decl":{"start":{"line":22,"column":36},"end":{"line":22,"column":39}},"loc":{"start":{"line":22,"column":42},"end":{"line":22,"column":52}}}},"branchMap":{},"s":{"0":8,"1":8,"2":8,"3":8,"4":8,"5":8,"6":8,"7":8,"8":34,"9":8},"f":{"0":34},"b":{}}
,"/home/pjhul/auth0-web-extension/src/errors.ts": {"path":"/home/pjhul/auth0-web-extension/src/errors.ts","statementMap":{"0":{"start":{"line":11,"column":4},"end":{"line":11,"column":29}},"1":{"start":{"line":10,"column":21},"end":{"line":10,"column":34}},"2":{"start":{"line":10,"column":43},"end":{"line":10,"column":68}},"3":{"start":{"line":12,"column":4},"end":{"line":12,"column":56}},"4":{"start":{"line":22,"column":4},"end":{"line":22,"column":54}},"5":{"start":{"line":9,"column":0},"end":{"line":9,"column":13}},"6":{"start":{"line":37,"column":4},"end":{"line":37,"column":36}},"7":{"start":{"line":34,"column":11},"end":{"line":34,"column":24}},"8":{"start":{"line":35,"column":11},"end":{"line":35,"column":27}},"9":{"start":{"line":39,"column":4},"end":{"line":39,"column":63}},"10":{"start":{"line":30,"column":0},"end":{"line":30,"column":13}},"11":{"start":{"line":49,"column":4},"end":{"line":49,"column":32}},"12":{"start":{"line":51,"column":4},"end":{"line":51,"column":56}},"13":{"start":{"line":47,"column":0},"end":{"line":47,"column":13}},"14":{"start":{"line":64,"column":4},"end":{"line":64,"column":36}},"15":{"start":{"line":62,"column":11},"end":{"line":62,"column":28}},"16":{"start":{"line":66,"column":4},"end":{"line":66,"column":60}},"17":{"start":{"line":58,"column":0},"end":{"line":58,"column":13}}},"fnMap":{"0":{"name":"(anonymous_0)","decl":{"start":{"line":10,"column":2},"end":{"line":10,"column":21}},"loc":{"start":{"line":10,"column":68},"end":{"line":13,"column":3}}},"1":{"name":"(anonymous_1)","decl":{"start":{"line":15,"column":2},"end":{"line":15,"column":8}},"loc":{"start":{"line":21,"column":3},"end":{"line":23,"column":3}}},"2":{"name":"(anonymous_2)","decl":{"start":{"line":31,"column":2},"end":{"line":31,"column":null}},"loc":{"start":{"line":35,"column":31},"end":{"line":40,"column":3}}},"3":{"name":"(anonymous_3)","decl":{"start":{"line":48,"column":2},"end":{"line":48,"column":null}},"loc":{"start":{"line":48,"column":2},"end":{"line":52,"column":3}}},"4":{"name":"(anonymous_4)","decl":{"start":{"line":59,"column":2},"end":{"line":59,"column":null}},"loc":{"start":{"line":62,"column":28},"end":{"line":67,"column":3}}}},"branchMap":{"0":{"loc":{"start":{"line":35,"column":11},"end":{"line":35,"column":31}},"type":"default-arg","locations":[{"start":{"line":35,"column":27},"end":{"line":35,"column":31}}]}},"s":{"0":4,"1":4,"2":4,"3":4,"4":0,"5":5,"6":0,"7":0,"8":0,"9":0,"10":5,"11":0,"12":0,"13":5,"14":2,"15":2,"16":2,"17":5},"f":{"0":4,"1":0,"2":0,"3":0,"4":2},"b":{"0":[0]}}
,"/home/pjhul/auth0-web-extension/src/global.ts": {"path":"/home/pjhul/auth0-web-extension/src/global.ts","statementMap":{"0":{"start":{"line":376,"column":0},"end":{"line":376,"column":13}}},"fnMap":{},"branchMap":{},"s":{"0":1},"f":{},"b":{}}
,"/home/pjhul/auth0-web-extension/src/handler.ts": {"path":"/home/pjhul/auth0-web-extension/src/handler.ts","statementMap":{"0":{"start":{"line":1,"column":0},"end":{"line":1,"column":43}},"1":{"start":{"line":3,"column":0},"end":{"line":3,"column":null}},"2":{"start":{"line":12,"column":0},"end":{"line":12,"column":null}},"3":{"start":{"line":19,"column":2},"end":{"line":21,"column":5}},"4":{"start":{"line":20,"column":4},"end":{"line":20,"column":34}},"5":{"start":{"line":23,"column":2},"end":{"line":23,"column":null}},"6":{"start":{"line":25,"column":2},"end":{"line":65,"column":null}},"7":{"start":{"line":26,"column":17},"end":{"line":26,"column":78}},"8":{"start":{"line":28,"column":20},"end":{"line":40,"column":null}},"9":{"start":{"line":28,"column":71},"end":{"line":40,"column":null}},"10":{"start":{"line":29,"column":6},"end":{"line":39,"column":null}},"11":{"start":{"line":30,"column":44},"end":{"line":30,"column":51}},"12":{"start":{"line":32,"column":27},"end":{"line":35,"column":null}},"13":{"start":{"line":38,"column":8},"end":{"line":38,"column":37}},"14":{"start":{"line":42,"column":4},"end":{"line":42,"column":40}},"15":{"start":{"line":44,"column":4},"end":{"line":64,"column":7}},"16":{"start":{"line":45,"column":6},"end":{"line":63,"column":null}},"17":{"start":{"line":46,"column":24},"end":{"line":60,"column":9}},"18":{"start":{"line":47,"column":25},"end":{"line":47,"column":57}},"19":{"start":{"line":49,"column":10},"end":{"line":49,"column":44}},"20":{"start":{"line":50,"column":10},"end":{"line":50,"column":45}},"21":{"start":{"line":51,"column":10},"end":{"line":51,"column":40}},"22":{"start":{"line":53,"column":10},"end":{"line":53,"column":44}},"23":{"start":{"line":54,"column":10},"end":{"line":54,"column":50}},"24":{"start":{"line":56,"column":10},"end":{"line":56,"column":49}},"25":{"start":{"line":57,"column":10},"end":{"line":59,"column":13}},"26":{"start":{"line":58,"column":12},"end":{"line":58,"column":53}},"27":{"start":{"line":62,"column":8},"end":{"line":62,"column":44}},"28":{"start":{"line":18,"column":0},"end":{"line":18,"column":16}},"29":{"start":{"line":68,"column":18},"end":{"line":122,"column":null}},"30":{"start":{"line":72,"column":4},"end":{"line":122,"column":null}},"31":{"start":{"line":73,"column":2},"end":{"line":121,"column":5}},"32":{"start":{"line":74,"column":19},"end":{"line":74,"column":58}},"33":{"start":{"line":76,"column":4},"end":{"line":76,"column":38}},"34":{"start":{"line":77,"column":4},"end":{"line":77,"column":39}},"35":{"start":{"line":78,"column":4},"end":{"line":78,"column":34}},"36":{"start":{"line":80,"column":25},"end":{"line":85,"column":5}},"37":{"start":{"line":81,"column":6},"end":{"line":84,"column":null}},"38":{"start":{"line":82,"column":8},"end":{"line":82,"column":49}},"39":{"start":{"line":83,"column":8},"end":{"line":83,"column":73}},"40":{"start":{"line":89,"column":32},"end":{"line":92,"column":31}},"41":{"start":{"line":90,"column":6},"end":{"line":90,"column":30}},"42":{"start":{"line":91,"column":6},"end":{"line":91,"column":21}},"43":{"start":{"line":94,"column":4},"end":{"line":116,"column":6}},"44":{"start":{"line":95,"column":6},"end":{"line":95,"column":null}},"45":{"start":{"line":97,"column":6},"end":{"line":97,"column":41}},"46":{"start":{"line":97,"column":34},"end":{"line":97,"column":41}},"47":{"start":{"line":98,"column":6},"end":{"line":98,"column":68}},"48":{"start":{"line":98,"column":62},"end":{"line":98,"column":68}},"49":{"start":{"line":100,"column":26},"end":{"line":100,"column":34}},"50":{"start":{"line":102,"column":6},"end":{"line":104,"column":null}},"51":{"start":{"line":103,"column":9},"end":{"line":103,"column":37}},"52":{"start":{"line":106,"column":6},"end":{"line":108,"column":31}},"53":{"start":{"line":110,"column":6},"end":{"line":110,"column":40}},"54":{"start":{"line":111,"column":6},"end":{"line":111,"column":71}},"55":{"start":{"line":115,"column":6},"end":{"line":115,"column":41}},"56":{"start":{"line":118,"column":4},"end":{"line":118,"column":66}},"57":{"start":{"line":119,"column":4},"end":{"line":119,"column":45}},"58":{"start":{"line":120,"column":4},"end":{"line":120,"column":45}}},"fnMap":{"0":{"name":"handleTokenRequest","decl":{"start":{"line":18,"column":16},"end":{"line":18,"column":34}},"loc":{"start":{"line":18,"column":54},"end":{"line":66,"column":1}}},"1":{"name":"(anonymous_9)","decl":{"start":{"line":19,"column":40},"end":{"line":19,"column":43}},"loc":{"start":{"line":19,"column":45},"end":{"line":21,"column":3}}},"2":{"name":"(anonymous_10)","decl":{"start":{"line":28,"column":20},"end":{"line":28,"column":27}},"loc":{"start":{"line":28,"column":71},"end":{"line":40,"column":null}}},"3":{"name":"(anonymous_11)","decl":{"start":{"line":28,"column":71},"end":{"line":28,"column":null}},"loc":{"start":{"line":28,"column":71},"end":{"line":40,"column":5}}},"4":{"name":"(anonymous_12)","decl":{"start":{"line":44,"column":42},"end":{"line":44,"column":46}},"loc":{"start":{"line":44,"column":49},"end":{"line":64,"column":5}}},"5":{"name":"(anonymous_13)","decl":{"start":{"line":46,"column":24},"end":{"line":46,"column":27}},"loc":{"start":{"line":46,"column":29},"end":{"line":60,"column":9}}},"6":{"name":"(anonymous_14)","decl":{"start":{"line":57,"column":40},"end":{"line":57,"column":43}},"loc":{"start":{"line":57,"column":45},"end":{"line":59,"column":11}}},"7":{"name":"(anonymous_15)","decl":{"start":{"line":68,"column":18},"end":{"line":68,"column":null}},"loc":{"start":{"line":72,"column":4},"end":{"line":122,"column":null}}},"8":{"name":"(anonymous_16)","decl":{"start":{"line":72,"column":4},"end":{"line":72,"column":null}},"loc":{"start":{"line":72,"column":4},"end":{"line":122,"column":1}}},"9":{"name":"(anonymous_17)","decl":{"start":{"line":73,"column":43},"end":{"line":73,"column":44}},"loc":{"start":{"line":73,"column":56},"end":{"line":121,"column":3}}},"10":{"name":"(anonymous_18)","decl":{"start":{"line":80,"column":25},"end":{"line":80,"column":28}},"loc":{"start":{"line":80,"column":30},"end":{"line":85,"column":5}}},"11":{"name":"(anonymous_19)","decl":{"start":{"line":89,"column":43},"end":{"line":89,"column":46}},"loc":{"start":{"line":89,"column":48},"end":{"line":92,"column":5}}},"12":{"name":"(anonymous_20)","decl":{"start":{"line":94,"column":25},"end":{"line":94,"column":35}},"loc":{"start":{"line":94,"column":50},"end":{"line":116,"column":5}}}},"branchMap":{"0":{"loc":{"start":{"line":25,"column":2},"end":{"line":65,"column":null}},"type":"if","locations":[{"start":{"line":25,"column":2},"end":{"line":65,"column":null}},{"start":{"line":43,"column":9},"end":{"line":65,"column":null}}]},"1":{"loc":{"start":{"line":29,"column":6},"end":{"line":39,"column":null}},"type":"if","locations":[{"start":{"line":29,"column":6},"end":{"line":39,"column":null}}]},"2":{"loc":{"start":{"line":45,"column":6},"end":{"line":63,"column":null}},"type":"if","locations":[{"start":{"line":45,"column":6},"end":{"line":63,"column":null}}]},"3":{"loc":{"start":{"line":71,"column":2},"end":{"line":71,"column":31}},"type":"default-arg","locations":[{"start":{"line":71,"column":29},"end":{"line":71,"column":31}}]},"4":{"loc":{"start":{"line":81,"column":6},"end":{"line":84,"column":null}},"type":"if","locations":[{"start":{"line":81,"column":6},"end":{"line":84,"column":null}}]},"5":{"loc":{"start":{"line":97,"column":6},"end":{"line":97,"column":41}},"type":"if","locations":[{"start":{"line":97,"column":6},"end":{"line":97,"column":41}}]},"6":{"loc":{"start":{"line":98,"column":6},"end":{"line":98,"column":68}},"type":"if","locations":[{"start":{"line":98,"column":6},"end":{"line":98,"column":68}}]},"7":{"loc":{"start":{"line":98,"column":9},"end":{"line":98,"column":60}},"type":"binary-expr","locations":[{"start":{"line":98,"column":9},"end":{"line":98,"column":16}},{"start":{"line":98,"column":20},"end":{"line":98,"column":60}}]},"8":{"loc":{"start":{"line":102,"column":6},"end":{"line":104,"column":null}},"type":"if","locations":[{"start":{"line":102,"column":6},"end":{"line":104,"column":null}}]},"9":{"loc":{"start":{"line":106,"column":6},"end":{"line":108,"column":30}},"type":"cond-expr","locations":[{"start":{"line":107,"column":10},"end":{"line":107,"column":56}},{"start":{"line":108,"column":10},"end":{"line":108,"column":30}}]}},"s":{"0":1,"1":1,"2":1,"3":0,"4":0,"5":0,"6":0,"7":0,"8":0,"9":0,"10":0,"11":0,"12":0,"13":0,"14":0,"15":0,"16":0,"17":0,"18":0,"19":0,"20":0,"21":0,"22":0,"23":0,"24":0,"25":0,"26":0,"27":0,"28":1,"29":1,"30":0,"31":0,"32":0,"33":0,"34":0,"35":0,"36":0,"37":0,"38":0,"39":0,"40":0,"41":0,"42":0,"43":0,"44":0,"45":0,"46":0,"47":0,"48":0,"49":0,"50":0,"51":0,"52":0,"53":0,"54":0,"55":0,"56":0,"57":0,"58":0},"f":{"0":0,"1":0,"2":0,"3":0,"4":0,"5":0,"6":0,"7":0,"8":0,"9":0,"10":0,"11":0,"12":0},"b":{"0":[0,0],"1":[0],"2":[0],"3":[0],"4":[0],"5":[0],"6":[0],"7":[0,0],"8":[0],"9":[0,0]}}
,"/home/pjhul/auth0-web-extension/src/http.ts": {"path":"/home/pjhul/auth0-web-extension/src/http.ts","statementMap":{"0":{"start":{"line":1,"column":0},"end":{"line":1,"column":28}},"1":{"start":{"line":3,"column":0},"end":{"line":3,"column":null}},"2":{"start":{"line":9,"column":0},"end":{"line":9,"column":58}},"3":{"start":{"line":11,"column":37},"end":{"line":11,"column":64}},"4":{"start":{"line":11,"column":43},"end":{"line":11,"column":64}},"5":{"start":{"line":11,"column":13},"end":{"line":11,"column":37}},"6":{"start":{"line":13,"column":16},"end":{"line":19,"column":2}},"7":{"start":{"line":13,"column":71},"end":{"line":19,"column":2}},"8":{"start":{"line":14,"column":19},"end":{"line":14,"column":54}},"9":{"start":{"line":15,"column":2},"end":{"line":18,"column":4}},"10":{"start":{"line":23,"column":32},"end":{"line":45,"column":2}},"11":{"start":{"line":27,"column":4},"end":{"line":45,"column":2}},"12":{"start":{"line":28,"column":21},"end":{"line":28,"column":44}},"13":{"start":{"line":29,"column":2},"end":{"line":29,"column":42}},"14":{"start":{"line":34,"column":2},"end":{"line":44,"column":5}},"15":{"start":{"line":37,"column":6},"end":{"line":40,"column":18}},"16":{"start":{"line":38,"column":8},"end":{"line":38,"column":27}},"17":{"start":{"line":39,"column":8},"end":{"line":39,"column":60}},"18":{"start":{"line":43,"column":4},"end":{"line":43,"column":28}},"19":{"start":{"line":23,"column":13},"end":{"line":23,"column":32}},"20":{"start":{"line":52,"column":33},"end":{"line":52,"column":37}},"21":{"start":{"line":55,"column":2},"end":{"line":71,"column":null}},"22":{"start":{"line":55,"column":15},"end":{"line":55,"column":16}},"23":{"start":{"line":56,"column":4},"end":{"line":70,"column":null}},"24":{"start":{"line":57,"column":6},"end":{"line":61,"column":8}},"25":{"start":{"line":62,"column":6},"end":{"line":62,"column":24}},"26":{"start":{"line":63,"column":6},"end":{"line":63,"column":12}},"27":{"start":{"line":69,"column":6},"end":{"line":69,"column":37}},"28":{"start":{"line":73,"column":2},"end":{"line":78,"column":null}},"29":{"start":{"line":76,"column":4},"end":{"line":76,"column":65}},"30":{"start":{"line":77,"column":4},"end":{"line":77,"column":21}},"31":{"start":{"line":83,"column":6},"end":{"line":83,"column":15}},"32":{"start":{"line":81,"column":36},"end":{"line":81,"column":41}},"33":{"start":{"line":81,"column":45},"end":{"line":81,"column":null}},"34":{"start":{"line":83,"column":6},"end":{"line":83,"column":14}},"35":{"start":{"line":85,"column":2},"end":{"line":94,"column":null}},"36":{"start":{"line":87,"column":6},"end":{"line":87,"column":63}},"37":{"start":{"line":89,"column":4},"end":{"line":91,"column":null}},"38":{"start":{"line":90,"column":6},"end":{"line":90,"column":70}},"39":{"start":{"line":93,"column":4},"end":{"line":93,"column":67}},"40":{"start":{"line":96,"column":2},"end":{"line":96,"column":14}},"41":{"start":{"line":47,"column":0},"end":{"line":47,"column":22}}},"fnMap":{"0":{"name":"(anonymous_9)","decl":{"start":{"line":11,"column":37},"end":{"line":11,"column":40}},"loc":{"start":{"line":11,"column":43},"end":{"line":11,"column":64}}},"1":{"name":"(anonymous_10)","decl":{"start":{"line":13,"column":16},"end":{"line":13,"column":23}},"loc":{"start":{"line":13,"column":71},"end":{"line":19,"column":2}}},"2":{"name":"(anonymous_11)","decl":{"start":{"line":13,"column":71},"end":{"line":13,"column":null}},"loc":{"start":{"line":13,"column":71},"end":{"line":19,"column":1}}},"3":{"name":"(anonymous_12)","decl":{"start":{"line":23,"column":32},"end":{"line":23,"column":null}},"loc":{"start":{"line":27,"column":4},"end":{"line":45,"column":2}}},"4":{"name":"(anonymous_13)","decl":{"start":{"line":27,"column":4},"end":{"line":27,"column":null}},"loc":{"start":{"line":27,"column":4},"end":{"line":45,"column":1}}},"5":{"name":"(anonymous_14)","decl":{"start":{"line":36,"column":16},"end":{"line":36,"column":17}},"loc":{"start":{"line":36,"column":30},"end":{"line":41,"column":5}}},"6":{"name":"(anonymous_15)","decl":{"start":{"line":37,"column":29},"end":{"line":37,"column":32}},"loc":{"start":{"line":37,"column":34},"end":{"line":40,"column":7}}},"7":{"name":"(anonymous_16)","decl":{"start":{"line":42,"column":13},"end":{"line":42,"column":16}},"loc":{"start":{"line":42,"column":18},"end":{"line":44,"column":3}}},"8":{"name":"fetchJSON","decl":{"start":{"line":47,"column":22},"end":{"line":47,"column":31}},"loc":{"start":{"line":50,"column":18},"end":{"line":97,"column":null}}}},"branchMap":{"0":{"loc":{"start":{"line":26,"column":2},"end":{"line":26,"column":44}},"type":"default-arg","locations":[{"start":{"line":26,"column":20},"end":{"line":26,"column":44}}]},"1":{"loc":{"start":{"line":73,"column":2},"end":{"line":78,"column":null}},"type":"if","locations":[{"start":{"line":73,"column":2},"end":{"line":78,"column":null}}]},"2":{"loc":{"start":{"line":76,"column":25},"end":{"line":76,"column":64}},"type":"binary-expr","locations":[{"start":{"line":76,"column":25},"end":{"line":76,"column":43}},{"start":{"line":76,"column":47},"end":{"line":76,"column":64}}]},"3":{"loc":{"start":{"line":85,"column":2},"end":{"line":94,"column":null}},"type":"if","locations":[{"start":{"line":85,"column":2},"end":{"line":94,"column":null}}]},"4":{"loc":{"start":{"line":87,"column":6},"end":{"line":87,"column":63}},"type":"binary-expr","locations":[{"start":{"line":87,"column":6},"end":{"line":87,"column":23}},{"start":{"line":87,"column":27},"end":{"line":87,"column":63}}]},"5":{"loc":{"start":{"line":89,"column":4},"end":{"line":91,"column":null}},"type":"if","locations":[{"start":{"line":89,"column":4},"end":{"line":91,"column":null}}]},"6":{"loc":{"start":{"line":93,"column":27},"end":{"line":93,"column":51}},"type":"binary-expr","locations":[{"start":{"line":93,"column":27},"end":{"line":93,"column":32}},{"start":{"line":93,"column":36},"end":{"line":93,"column":51}}]}},"s":{"0":4,"1":4,"2":4,"3":4,"4":3,"5":4,"6":4,"7":20,"8":20,"9":11,"10":4,"11":20,"12":20,"13":20,"14":20,"15":20,"16":4,"17":4,"18":20,"19":4,"20":10,"21":10,"22":10,"23":19,"24":19,"25":7,"26":7,"27":12,"28":10,"29":3,"30":3,"31":7,"32":7,"33":7,"34":7,"35":7,"36":4,"37":4,"38":2,"39":2,"40":3,"41":4},"f":{"0":3,"1":20,"2":20,"3":20,"4":20,"5":20,"6":4,"7":20,"8":10},"b":{"0":[15],"1":[3],"2":[3,1],"3":[4],"4":[4,3],"5":[2],"6":[2,1]}}
,"/home/pjhul/auth0-web-extension/src/index.ts": {"path":"/home/pjhul/auth0-web-extension/src/index.ts","statementMap":{"0":{"start":{"line":1,"column":0},"end":{"line":1,"column":28}},"1":{"start":{"line":4,"column":0},"end":{"line":4,"column":7}},"2":{"start":{"line":31,"column":9},"end":{"line":4,"column":39}},"3":{"start":{"line":6,"column":0},"end":{"line":6,"column":17}},"4":{"start":{"line":8,"column":0},"end":{"line":8,"column":24}},"5":{"start":{"line":10,"column":0},"end":{"line":10,"column":9}},"6":{"start":{"line":31,"column":22},"end":{"line":10,"column":46}},"7":{"start":{"line":13,"column":16},"end":{"line":13,"column":40}},"8":{"start":{"line":21,"column":2},"end":{"line":21,"column":15}},"9":{"start":{"line":12,"column":0},"end":{"line":12,"column":24}},"10":{"start":{"line":24,"column":0},"end":{"line":24,"column":null}},"11":{"start":{"line":25,"column":2},"end":{"line":25,"column":null}},"12":{"start":{"line":26,"column":2},"end":{"line":26,"column":null}},"13":{"start":{"line":27,"column":2},"end":{"line":27,"column":null}},"14":{"start":{"line":28,"column":2},"end":{"line":28,"column":null}}},"fnMap":{"0":{"name":"(anonymous_5)","decl":{"start":{"line":31,"column":22},"end":{"line":31,"column":40}},"loc":{"start":{"line":31,"column":22},"end":{"line":10,"column":46}}},"1":{"name":"createAuth0Client","decl":{"start":{"line":12,"column":24},"end":{"line":12,"column":41}},"loc":{"start":{"line":12,"column":69},"end":{"line":22,"column":1}}},"2":{"name":"(anonymous_7)","decl":{"start":{"line":25,"column":2},"end":{"line":25,"column":14}},"loc":{"start":{"line":25,"column":2},"end":{"line":25,"column":null}}},"3":{"name":"(anonymous_8)","decl":{"start":{"line":26,"column":2},"end":{"line":26,"column":21}},"loc":{"start":{"line":26,"column":2},"end":{"line":26,"column":null}}},"4":{"name":"(anonymous_9)","decl":{"start":{"line":27,"column":2},"end":{"line":27,"column":14}},"loc":{"start":{"line":27,"column":2},"end":{"line":27,"column":null}}},"5":{"name":"(anonymous_10)","decl":{"start":{"line":28,"column":2},"end":{"line":28,"column":18}},"loc":{"start":{"line":28,"column":2},"end":{"line":28,"column":null}}}},"branchMap":{},"s":{"0":1,"1":1,"2":1,"3":1,"4":1,"5":1,"6":1,"7":3,"8":2,"9":1,"10":1,"11":1,"12":1,"13":1,"14":1},"f":{"0":0,"1":3,"2":0,"3":0,"4":0,"5":0},"b":{}}
,"/home/pjhul/auth0-web-extension/src/jwt.ts": {"path":"/home/pjhul/auth0-web-extension/src/jwt.ts","statementMap":{"0":{"start":{"line":1,"column":0},"end":{"line":1,"column":39}},"1":{"start":{"line":4,"column":17},"end":{"line":4,"column":50}},"2":{"start":{"line":4,"column":29},"end":{"line":4,"column":50}},"3":{"start":{"line":6,"column":23},"end":{"line":37,"column":2}},"4":{"start":{"line":39,"column":22},"end":{"line":61,"column":1}},"5":{"start":{"line":40,"column":16},"end":{"line":40,"column":32}},"6":{"start":{"line":41,"column":39},"end":{"line":41,"column":44}},"7":{"start":{"line":43,"column":2},"end":{"line":45,"column":null}},"8":{"start":{"line":44,"column":4},"end":{"line":44,"column":53}},"9":{"start":{"line":46,"column":22},"end":{"line":46,"column":55}},"10":{"start":{"line":47,"column":26},"end":{"line":47,"column":42}},"11":{"start":{"line":48,"column":20},"end":{"line":48,"column":22}},"12":{"start":{"line":49,"column":2},"end":{"line":54,"column":5}},"13":{"start":{"line":50,"column":4},"end":{"line":50,"column":31}},"14":{"start":{"line":51,"column":4},"end":{"line":53,"column":null}},"15":{"start":{"line":52,"column":6},"end":{"line":52,"column":31}},"16":{"start":{"line":55,"column":2},"end":{"line":60,"column":4}},"17":{"start":{"line":39,"column":13},"end":{"line":39,"column":22}},"18":{"start":{"line":63,"column":29},"end":{"line":205,"column":1}},"19":{"start":{"line":64,"column":2},"end":{"line":66,"column":null}},"20":{"start":{"line":65,"column":4},"end":{"line":65,"column":56}},"21":{"start":{"line":68,"column":18},"end":{"line":68,"column":42}},"22":{"start":{"line":70,"column":2},"end":{"line":74,"column":null}},"23":{"start":{"line":71,"column":4},"end":{"line":73,"column":6}},"24":{"start":{"line":76,"column":2},"end":{"line":80,"column":null}},"25":{"start":{"line":77,"column":4},"end":{"line":79,"column":6}},"26":{"start":{"line":82,"column":2},"end":{"line":86,"column":null}},"27":{"start":{"line":83,"column":4},"end":{"line":85,"column":6}},"28":{"start":{"line":88,"column":2},"end":{"line":92,"column":null}},"29":{"start":{"line":89,"column":4},"end":{"line":91,"column":6}},"30":{"start":{"line":94,"column":2},"end":{"line":104,"column":null}},"31":{"start":{"line":101,"column":4},"end":{"line":103,"column":6}},"32":{"start":{"line":105,"column":2},"end":{"line":129,"column":null}},"33":{"start":{"line":106,"column":4},"end":{"line":112,"column":null}},"34":{"start":{"line":107,"column":6},"end":{"line":111,"column":8}},"35":{"start":{"line":113,"column":4},"end":{"line":124,"column":null}},"36":{"start":{"line":114,"column":6},"end":{"line":118,"column":null}},"37":{"start":{"line":115,"column":8},"end":{"line":117,"column":10}},"38":{"start":{"line":119,"column":6},"end":{"line":123,"column":null}},"39":{"start":{"line":120,"column":8},"end":{"line":122,"column":10}},"40":{"start":{"line":125,"column":9},"end":{"line":129,"column":null}},"41":{"start":{"line":126,"column":4},"end":{"line":128,"column":6}},"42":{"start":{"line":130,"column":2},"end":{"line":141,"column":null}},"43":{"start":{"line":131,"column":4},"end":{"line":135,"column":null}},"44":{"start":{"line":132,"column":6},"end":{"line":134,"column":8}},"45":{"start":{"line":136,"column":4},"end":{"line":140,"column":null}},"46":{"start":{"line":137,"column":6},"end":{"line":139,"column":8}},"47":{"start":{"line":143,"column":2},"end":{"line":147,"column":null}},"48":{"start":{"line":144,"column":4},"end":{"line":146,"column":6}},"49":{"start":{"line":155,"column":2},"end":{"line":159,"column":null}},"50":{"start":{"line":156,"column":4},"end":{"line":158,"column":6}},"51":{"start":{"line":161,"column":17},"end":{"line":161,"column":37}},"52":{"start":{"line":162,"column":14},"end":{"line":162,"column":49}},"53":{"start":{"line":163,"column":18},"end":{"line":163,"column":29}},"54":{"start":{"line":164,"column":18},"end":{"line":164,"column":29}},"55":{"start":{"line":165,"column":23},"end":{"line":165,"column":34}},"56":{"start":{"line":167,"column":2},"end":{"line":169,"column":4}},"57":{"start":{"line":171,"column":2},"end":{"line":171,"column":53}},"58":{"start":{"line":172,"column":2},"end":{"line":172,"column":53}},"59":{"start":{"line":174,"column":2},"end":{"line":178,"column":null}},"60":{"start":{"line":175,"column":4},"end":{"line":177,"column":6}},"61":{"start":{"line":180,"column":2},"end":{"line":184,"column":null}},"62":{"start":{"line":181,"column":4},"end":{"line":183,"column":6}},"63":{"start":{"line":186,"column":2},"end":{"line":190,"column":null}},"64":{"start":{"line":187,"column":4},"end":{"line":189,"column":6}},"65":{"start":{"line":192,"column":2},"end":{"line":202,"column":null}},"66":{"start":{"line":193,"column":4},"end":{"line":201,"column":null}},"67":{"start":{"line":194,"column":6},"end":{"line":196,"column":8}},"68":{"start":{"line":197,"column":11},"end":{"line":201,"column":null}},"69":{"start":{"line":198,"column":6},"end":{"line":200,"column":8}},"70":{"start":{"line":204,"column":2},"end":{"line":204,"column":17}},"71":{"start":{"line":63,"column":13},"end":{"line":63,"column":29}}},"fnMap":{"0":{"name":"(anonymous_0)","decl":{"start":{"line":4,"column":17},"end":{"line":4,"column":18}},"loc":{"start":{"line":4,"column":29},"end":{"line":4,"column":50}}},"1":{"name":"(anonymous_1)","decl":{"start":{"line":39,"column":22},"end":{"line":39,"column":23}},"loc":{"start":{"line":39,"column":40},"end":{"line":61,"column":1}}},"2":{"name":"(anonymous_2)","decl":{"start":{"line":49,"column":35},"end":{"line":49,"column":36}},"loc":{"start":{"line":49,"column":39},"end":{"line":54,"column":3}}},"3":{"name":"(anonymous_3)","decl":{"start":{"line":63,"column":29},"end":{"line":63,"column":30}},"loc":{"start":{"line":63,"column":59},"end":{"line":205,"column":1}}}},"branchMap":{"0":{"loc":{"start":{"line":43,"column":2},"end":{"line":45,"column":null}},"type":"if","locations":[{"start":{"line":43,"column":2},"end":{"line":45,"column":null}}]},"1":{"loc":{"start":{"line":43,"column":6},"end":{"line":43,"column":61}},"type":"binary-expr","locations":[{"start":{"line":43,"column":6},"end":{"line":43,"column":24}},{"start":{"line":43,"column":28},"end":{"line":43,"column":35}},{"start":{"line":43,"column":39},"end":{"line":43,"column":47}},{"start":{"line":43,"column":51},"end":{"line":43,"column":61}}]},"2":{"loc":{"start":{"line":51,"column":4},"end":{"line":53,"column":null}},"type":"if","locations":[{"start":{"line":51,"column":4},"end":{"line":53,"column":null}}]},"3":{"loc":{"start":{"line":64,"column":2},"end":{"line":66,"column":null}},"type":"if","locations":[{"start":{"line":64,"column":2},"end":{"line":66,"column":null}}]},"4":{"loc":{"start":{"line":70,"column":2},"end":{"line":74,"column":null}},"type":"if","locations":[{"start":{"line":70,"column":2},"end":{"line":74,"column":null}}]},"5":{"loc":{"start":{"line":76,"column":2},"end":{"line":80,"column":null}},"type":"if","locations":[{"start":{"line":76,"column":2},"end":{"line":80,"column":null}}]},"6":{"loc":{"start":{"line":82,"column":2},"end":{"line":86,"column":null}},"type":"if","locations":[{"start":{"line":82,"column":2},"end":{"line":86,"column":null}}]},"7":{"loc":{"start":{"line":88,"column":2},"end":{"line":92,"column":null}},"type":"if","locations":[{"start":{"line":88,"column":2},"end":{"line":92,"column":null}}]},"8":{"loc":{"start":{"line":94,"column":2},"end":{"line":104,"column":null}},"type":"if","locations":[{"start":{"line":94,"column":2},"end":{"line":104,"column":null}}]},"9":{"loc":{"start":{"line":95,"column":4},"end":{"line":98,"column":null}},"type":"binary-expr","locations":[{"start":{"line":95,"column":4},"end":{"line":95,"column":23}},{"start":{"line":96,"column":4},"end":{"line":98,"column":null}}]},"10":{"loc":{"start":{"line":97,"column":6},"end":{"line":98,"column":39}},"type":"binary-expr","locations":[{"start":{"line":97,"column":6},"end":{"line":97,"column":44}},{"start":{"line":98,"column":6},"end":{"line":98,"column":39}}]},"11":{"loc":{"start":{"line":105,"column":2},"end":{"line":129,"column":null}},"type":"if","locations":[{"start":{"line":105,"column":2},"end":{"line":129,"column":null}},{"start":{"line":125,"column":9},"end":{"line":129,"column":null}}]},"12":{"loc":{"start":{"line":106,"column":4},"end":{"line":112,"column":null}},"type":"if","locations":[{"start":{"line":106,"column":4},"end":{"line":112,"column":null}}]},"13":{"loc":{"start":{"line":113,"column":4},"end":{"line":124,"column":null}},"type":"if","locations":[{"start":{"line":113,"column":4},"end":{"line":124,"column":null}}]},"14":{"loc":{"start":{"line":114,"column":6},"end":{"line":118,"column":null}},"type":"if","locations":[{"start":{"line":114,"column":6},"end":{"line":118,"column":null}}]},"15":{"loc":{"start":{"line":119,"column":6},"end":{"line":123,"column":null}},"type":"if","locations":[{"start":{"line":119,"column":6},"end":{"line":123,"column":null}}]},"16":{"loc":{"start":{"line":125,"column":9},"end":{"line":129,"column":null}},"type":"if","locations":[{"start":{"line":125,"column":9},"end":{"line":129,"column":null}}]},"17":{"loc":{"start":{"line":130,"column":2},"end":{"line":141,"column":null}},"type":"if","locations":[{"start":{"line":130,"column":2},"end":{"line":141,"column":null}}]},"18":{"loc":{"start":{"line":131,"column":4},"end":{"line":135,"column":null}},"type":"if","locations":[{"start":{"line":131,"column":4},"end":{"line":135,"column":null}}]},"19":{"loc":{"start":{"line":136,"column":4},"end":{"line":140,"column":null}},"type":"if","locations":[{"start":{"line":136,"column":4},"end":{"line":140,"column":null}}]},"20":{"loc":{"start":{"line":143,"column":2},"end":{"line":147,"column":null}},"type":"if","locations":[{"start":{"line":143,"column":2},"end":{"line":147,"column":null}}]},"21":{"loc":{"start":{"line":143,"column":6},"end":{"line":143,"column":60}},"type":"binary-expr","locations":[{"start":{"line":143,"column":6},"end":{"line":143,"column":21}},{"start":{"line":143,"column":25},"end":{"line":143,"column":60}}]},"22":{"loc":{"start":{"line":155,"column":2},"end":{"line":159,"column":null}},"type":"if","locations":[{"start":{"line":155,"column":2},"end":{"line":159,"column":null}}]},"23":{"loc":{"start":{"line":161,"column":17},"end":{"line":161,"column":37}},"type":"binary-expr","locations":[{"start":{"line":161,"column":17},"end":{"line":161,"column":31}},{"start":{"line":161,"column":35},"end":{"line":161,"column":37}}]},"24":{"loc":{"start":{"line":162,"column":23},"end":{"line":162,"column":48}},"type":"binary-expr","locations":[{"start":{"line":162,"column":23},"end":{"line":162,"column":34}},{"start":{"line":162,"column":38},"end":{"line":162,"column":48}}]},"25":{"loc":{"start":{"line":174,"column":2},"end":{"line":178,"column":null}},"type":"if","locations":[{"start":{"line":174,"column":2},"end":{"line":178,"column":null}}]},"26":{"loc":{"start":{"line":180,"column":2},"end":{"line":184,"column":null}},"type":"if","locations":[{"start":{"line":180,"column":2},"end":{"line":184,"column":null}}]},"27":{"loc":{"start":{"line":180,"column":6},"end":{"line":180,"column":51}},"type":"binary-expr","locations":[{"start":{"line":180,"column":6},"end":{"line":180,"column":34}},{"start":{"line":180,"column":38},"end":{"line":180,"column":51}}]},"28":{"loc":{"start":{"line":186,"column":2},"end":{"line":190,"column":null}},"type":"if","locations":[{"start":{"line":186,"column":2},"end":{"line":190,"column":null}}]},"29":{"loc":{"start":{"line":186,"column":6},"end":{"line":186,"column":62}},"type":"binary-expr","locations":[{"start":{"line":186,"column":6},"end":{"line":186,"column":40}},{"start":{"line":186,"column":44},"end":{"line":186,"column":62}}]},"30":{"loc":{"start":{"line":192,"column":2},"end":{"line":202,"column":null}},"type":"if","locations":[{"start":{"line":192,"column":2},"end":{"line":202,"column":null}}]},"31":{"loc":{"start":{"line":193,"column":4},"end":{"line":201,"column":null}},"type":"if","locations":[{"start":{"line":193,"column":4},"end":{"line":201,"column":null}},{"start":{"line":197,"column":11},"end":{"line":201,"column":null}}]},"32":{"loc":{"start":{"line":197,"column":11},"end":{"line":201,"column":null}},"type":"if","locations":[{"start":{"line":197,"column":11},"end":{"line":201,"column":null}}]}},"s":{"0":3,"1":3,"2":54,"3":3,"4":3,"5":34,"6":34,"7":34,"8":7,"9":27,"10":27,"11":27,"12":27,"13":213,"14":213,"15":54,"16":27,"17":3,"18":3,"19":27,"20":1,"21":26,"22":26,"23":1,"24":25,"25":1,"26":24,"27":1,"28":23,"29":1,"30":22,"31":1,"32":21,"33":5,"34":1,"35":4,"36":3,"37":1,"38":2,"39":1,"40":16,"41":1,"42":17,"43":16,"44":1,"45":15,"46":1,"47":15,"48":1,"49":14,"50":1,"51":13,"52":13,"53":13,"54":13,"55":13,"56":13,"57":13,"58":13,"59":13,"60":1,"61":12,"62":1,"63":11,"64":1,"65":10,"66":3,"67":1,"68":2,"69":1,"70":8,"71":3},"f":{"0":54,"1":34,"2":213,"3":27},"b":{"0":[7],"1":[34,30,29,28],"2":[54],"3":[1],"4":[1],"5":[1],"6":[1],"7":[1],"8":[1],"9":[22,21],"10":[21,5],"11":[5,16],"12":[1],"13":[3],"14":[1],"15":[1],"16":[1],"17":[16],"18":[1],"19":[1],"20":[1],"21":[15,3],"22":[1],"23":[13,11],"24":[13,11],"25":[1],"26":[1],"27":[12,1],"28":[1],"29":[11,2],"30":[3],"31":[1,2],"32":[1]}}
,"/home/pjhul/auth0-web-extension/src/promise-utils.ts": {"path":"/home/pjhul/auth0-web-extension/src/promise-utils.ts","statementMap":{"0":{"start":{"line":1,"column":55},"end":{"line":1,"column":57}},"1":{"start":{"line":3,"column":21},"end":{"line":5,"column":2}},"2":{"start":{"line":3,"column":37},"end":{"line":5,"column":2}},"3":{"start":{"line":4,"column":2},"end":{"line":4,"column":26}},"4":{"start":{"line":3,"column":13},"end":{"line":3,"column":21}},"5":{"start":{"line":7,"column":29},"end":{"line":17,"column":1}},"6":{"start":{"line":8,"column":16},"end":{"line":8,"column":37}},"7":{"start":{"line":9,"column":2},"end":{"line":15,"column":null}},"8":{"start":{"line":10,"column":4},"end":{"line":13,"column":7}},"9":{"start":{"line":11,"column":6},"end":{"line":11,"column":35}},"10":{"start":{"line":12,"column":6},"end":{"line":12,"column":26}},"11":{"start":{"line":14,"column":4},"end":{"line":14,"column":36}},"12":{"start":{"line":16,"column":2},"end":{"line":16,"column":17}},"13":{"start":{"line":7,"column":13},"end":{"line":7,"column":29}},"14":{"start":{"line":22,"column":28},"end":{"line":36,"column":2}},"15":{"start":{"line":25,"column":23},"end":{"line":36,"column":2}},"16":{"start":{"line":26,"column":2},"end":{"line":33,"column":null}},"17":{"start":{"line":26,"column":15},"end":{"line":26,"column":16}},"18":{"start":{"line":27,"column":4},"end":{"line":32,"column":null}},"19":{"start":{"line":28,"column":21},"end":{"line":28,"column":31}},"20":{"start":{"line":29,"column":6},"end":{"line":29,"column":20}},"21":{"start":{"line":31,"column":6},"end":{"line":31,"column":15}},"22":{"start":{"line":35,"column":2},"end":{"line":35,"column":14}},"23":{"start":{"line":22,"column":13},"end":{"line":22,"column":28}}},"fnMap":{"0":{"name":"(anonymous_7)","decl":{"start":{"line":3,"column":21},"end":{"line":3,"column":22}},"loc":{"start":{"line":3,"column":37},"end":{"line":5,"column":2}}},"1":{"name":"(anonymous_8)","decl":{"start":{"line":3,"column":55},"end":{"line":3,"column":62}},"loc":{"start":{"line":3,"column":65},"end":{"line":5,"column":1}}},"2":{"name":"(anonymous_9)","decl":{"start":{"line":7,"column":29},"end":{"line":7,"column":33}},"loc":{"start":{"line":7,"column":70},"end":{"line":17,"column":1}}},"3":{"name":"(anonymous_10)","decl":{"start":{"line":10,"column":27},"end":{"line":10,"column":30}},"loc":{"start":{"line":10,"column":32},"end":{"line":13,"column":5}}},"4":{"name":"(anonymous_11)","decl":{"start":{"line":22,"column":28},"end":{"line":22,"column":null}},"loc":{"start":{"line":25,"column":23},"end":{"line":36,"column":2}}},"5":{"name":"(anonymous_12)","decl":{"start":{"line":25,"column":23},"end":{"line":25,"column":null}},"loc":{"start":{"line":25,"column":23},"end":{"line":36,"column":1}}}},"branchMap":{"0":{"loc":{"start":{"line":9,"column":2},"end":{"line":15,"column":null}},"type":"if","locations":[{"start":{"line":9,"column":2},"end":{"line":15,"column":null}}]},"1":{"loc":{"start":{"line":24,"column":2},"end":{"line":24,"column":24}},"type":"default-arg","locations":[{"start":{"line":24,"column":23},"end":{"line":24,"column":24}}]}},"s":{"0":3,"1":3,"2":1,"3":1,"4":3,"5":3,"6":6,"7":6,"8":5,"9":5,"10":5,"11":5,"12":6,"13":3,"14":3,"15":3,"16":3,"17":3,"18":9,"19":9,"20":2,"21":7,"22":1,"23":3},"f":{"0":1,"1":1,"2":6,"3":5,"4":3,"5":3},"b":{"0":[5],"1":[2]}}
,"/home/pjhul/auth0-web-extension/src/scope.ts": {"path":"/home/pjhul/auth0-web-extension/src/scope.ts","statementMap":{"0":{"start":{"line":1,"column":15},"end":{"line":1,"column":58}},"1":{"start":{"line":1,"column":34},"end":{"line":1,"column":58}},"2":{"start":{"line":3,"column":31},"end":{"line":5,"column":1}},"3":{"start":{"line":4,"column":2},"end":{"line":4,"column":null}},"4":{"start":{"line":3,"column":13},"end":{"line":3,"column":31}}},"fnMap":{"0":{"name":"(anonymous_0)","decl":{"start":{"line":1,"column":15},"end":{"line":1,"column":16}},"loc":{"start":{"line":1,"column":34},"end":{"line":1,"column":58}}},"1":{"name":"(anonymous_1)","decl":{"start":{"line":3,"column":31},"end":{"line":3,"column":32}},"loc":{"start":{"line":3,"column":69},"end":{"line":5,"column":1}}}},"branchMap":{},"s":{"0":3,"1":12,"2":3,"3":12,"4":3},"f":{"0":12,"1":12},"b":{}}
,"/home/pjhul/auth0-web-extension/src/utils.ts": {"path":"/home/pjhul/auth0-web-extension/src/utils.ts","statementMap":{"0":{"start":{"line":1,"column":25},"end":{"line":5,"column":1}},"1":{"start":{"line":4,"column":2},"end":{"line":4,"column":56}},"2":{"start":{"line":1,"column":13},"end":{"line":1,"column":25}},"3":{"start":{"line":7,"column":31},"end":{"line":11,"column":1}},"4":{"start":{"line":8,"column":17},"end":{"line":8,"column":28}},"5":{"start":{"line":10,"column":2},"end":{"line":10,"column":55}},"6":{"start":{"line":7,"column":13},"end":{"line":7,"column":31}},"7":{"start":{"line":13,"column":34},"end":{"line":25,"column":1}},"8":{"start":{"line":15,"column":4},"end":{"line":15,"column":72}},"9":{"start":{"line":17,"column":15},"end":{"line":17,"column":17}},"10":{"start":{"line":19,"column":2},"end":{"line":22,"column":null}},"11":{"start":{"line":19,"column":14},"end":{"line":19,"column":15}},"12":{"start":{"line":20,"column":16},"end":{"line":20,"column":58}},"13":{"start":{"line":21,"column":4},"end":{"line":21,"column":27}},"14":{"start":{"line":24,"column":2},"end":{"line":24,"column":16}},"15":{"start":{"line":13,"column":13},"end":{"line":13,"column":34}},"16":{"start":{"line":27,"column":40},"end":{"line":40,"column":1}},"17":{"start":{"line":29,"column":4},"end":{"line":29,"column":72}},"18":{"start":{"line":31,"column":15},"end":{"line":31,"column":17}},"19":{"start":{"line":33,"column":23},"end":{"line":34,"column":null}},"20":{"start":{"line":37,"column":2},"end":{"line":37,"column":69}},"21":{"start":{"line":37,"column":29},"end":{"line":37,"column":66}},"22":{"start":{"line":39,"column":2},"end":{"line":39,"column":16}},"23":{"start":{"line":27,"column":13},"end":{"line":27,"column":40}},"24":{"start":{"line":42,"column":22},"end":{"line":42,"column":52}},"25":{"start":{"line":42,"column":41},"end":{"line":42,"column":52}},"26":{"start":{"line":42,"column":13},"end":{"line":42,"column":22}},"27":{"start":{"line":43,"column":22},"end":{"line":43,"column":52}},"28":{"start":{"line":43,"column":41},"end":{"line":43,"column":52}},"29":{"start":{"line":43,"column":13},"end":{"line":43,"column":22}},"30":{"start":{"line":45,"column":33},"end":{"line":50,"column":1}},"31":{"start":{"line":46,"column":2},"end":{"line":49,"column":15}},"32":{"start":{"line":47,"column":17},"end":{"line":47,"column":49}},"33":{"start":{"line":48,"column":14},"end":{"line":48,"column":73}},"34":{"start":{"line":45,"column":13},"end":{"line":45,"column":33}},"35":{"start":{"line":52,"column":22},"end":{"line":82,"column":2}},"36":{"start":{"line":52,"column":42},"end":{"line":82,"column":2}},"37":{"start":{"line":53,"column":24},"end":{"line":55,"column":null}},"38":{"start":{"line":65,"column":2},"end":{"line":81,"column":null}},"39":{"start":{"line":66,"column":4},"end":{"line":78,"column":7}},"40":{"start":{"line":67,"column":6},"end":{"line":69,"column":8}},"41":{"start":{"line":68,"column":8},"end":{"line":68,"column":29}},"42":{"start":{"line":71,"column":6},"end":{"line":73,"column":8}},"43":{"start":{"line":72,"column":8},"end":{"line":72,"column":21}},"44":{"start":{"line":75,"column":6},"end":{"line":77,"column":8}},"45":{"start":{"line":76,"column":8},"end":{"line":76,"column":48}},"46":{"start":{"line":80,"column":4},"end":{"line":80,"column":26}},"47":{"start":{"line":52,"column":13},"end":{"line":52,"column":22}},"48":{"start":{"line":84,"column":21},"end":{"line":87,"column":1}},"49":{"start":{"line":85,"column":48},"end":{"line":85,"column":79}},"50":{"start":{"line":86,"column":2},"end":{"line":86,"column":71}},"51":{"start":{"line":86,"column":48},"end":{"line":86,"column":69}},"52":{"start":{"line":90,"column":18},"end":{"line":97,"column":null}},"53":{"start":{"line":91,"column":2},"end":{"line":97,"column":null}},"54":{"start":{"line":95,"column":8},"end":{"line":95,"column":69}},"55":{"start":{"line":100,"column":28},"end":{"line":101,"column":56}},"56":{"start":{"line":101,"column":2},"end":{"line":101,"column":56}},"57":{"start":{"line":100,"column":13},"end":{"line":100,"column":28}},"58":{"start":{"line":103,"column":40},"end":{"line":108,"column":1}},"59":{"start":{"line":104,"column":24},"end":{"line":104,"column":45}},"60":{"start":{"line":105,"column":2},"end":{"line":107,"column":4}},"61":{"start":{"line":103,"column":13},"end":{"line":103,"column":40}},"62":{"start":{"line":110,"column":30},"end":{"line":121,"column":1}},"63":{"start":{"line":111,"column":2},"end":{"line":115,"column":null}},"64":{"start":{"line":112,"column":4},"end":{"line":114,"column":6}},"65":{"start":{"line":116,"column":2},"end":{"line":120,"column":null}},"66":{"start":{"line":117,"column":4},"end":{"line":119,"column":7}},"67":{"start":{"line":110,"column":13},"end":{"line":110,"column":30}}},"fnMap":{"0":{"name":"(anonymous_7)","decl":{"start":{"line":1,"column":25},"end":{"line":1,"column":28}},"loc":{"start":{"line":1,"column":30},"end":{"line":5,"column":1}}},"1":{"name":"(anonymous_8)","decl":{"start":{"line":7,"column":31},"end":{"line":7,"column":34}},"loc":{"start":{"line":7,"column":36},"end":{"line":11,"column":1}}},"2":{"name":"(anonymous_9)","decl":{"start":{"line":13,"column":34},"end":{"line":13,"column":35}},"loc":{"start":{"line":13,"column":61},"end":{"line":25,"column":1}}},"3":{"name":"(anonymous_10)","decl":{"start":{"line":27,"column":40},"end":{"line":27,"column":43}},"loc":{"start":{"line":27,"column":45},"end":{"line":40,"column":1}}},"4":{"name":"(anonymous_11)","decl":{"start":{"line":37,"column":23},"end":{"line":37,"column":24}},"loc":{"start":{"line":37,"column":29},"end":{"line":37,"column":66}}},"5":{"name":"(anonymous_12)","decl":{"start":{"line":42,"column":22},"end":{"line":42,"column":23}},"loc":{"start":{"line":42,"column":41},"end":{"line":42,"column":52}}},"6":{"name":"(anonymous_13)","decl":{"start":{"line":43,"column":22},"end":{"line":43,"column":23}},"loc":{"start":{"line":43,"column":41},"end":{"line":43,"column":52}}},"7":{"name":"(anonymous_14)","decl":{"start":{"line":45,"column":33},"end":{"line":45,"column":34}},"loc":{"start":{"line":45,"column":49},"end":{"line":50,"column":1}}},"8":{"name":"(anonymous_15)","decl":{"start":{"line":47,"column":12},"end":{"line":47,"column":13}},"loc":{"start":{"line":47,"column":17},"end":{"line":47,"column":49}}},"9":{"name":"(anonymous_16)","decl":{"start":{"line":48,"column":9},"end":{"line":48,"column":10}},"loc":{"start":{"line":48,"column":14},"end":{"line":48,"column":73}}},"10":{"name":"(anonymous_17)","decl":{"start":{"line":52,"column":22},"end":{"line":52,"column":29}},"loc":{"start":{"line":52,"column":42},"end":{"line":82,"column":2}}},"11":{"name":"(anonymous_18)","decl":{"start":{"line":52,"column":42},"end":{"line":52,"column":null}},"loc":{"start":{"line":52,"column":42},"end":{"line":82,"column":1}}},"12":{"name":"(anonymous_19)","decl":{"start":{"line":66,"column":23},"end":{"line":66,"column":24}},"loc":{"start":{"line":66,"column":36},"end":{"line":78,"column":5}}},"13":{"name":"(anonymous_20)","decl":{"start":{"line":67,"column":28},"end":{"line":67,"column":29}},"loc":{"start":{"line":67,"column":39},"end":{"line":69,"column":7}}},"14":{"name":"(anonymous_21)","decl":{"start":{"line":71,"column":25},"end":{"line":71,"column":26}},"loc":{"start":{"line":71,"column":43},"end":{"line":73,"column":7}}},"15":{"name":"(anonymous_22)","decl":{"start":{"line":75,"column":25},"end":{"line":75,"column":28}},"loc":{"start":{"line":75,"column":30},"end":{"line":77,"column":7}}},"16":{"name":"(anonymous_23)","decl":{"start":{"line":84,"column":21},"end":{"line":84,"column":22}},"loc":{"start":{"line":84,"column":39},"end":{"line":87,"column":1}}},"17":{"name":"(anonymous_24)","decl":{"start":{"line":86,"column":33},"end":{"line":86,"column":34}},"loc":{"start":{"line":86,"column":48},"end":{"line":86,"column":69}}},"18":{"name":"(anonymous_25)","decl":{"start":{"line":90,"column":18},"end":{"line":90,"column":19}},"loc":{"start":{"line":91,"column":2},"end":{"line":97,"column":null}}},"19":{"name":"(anonymous_26)","decl":{"start":{"line":94,"column":11},"end":{"line":94,"column":12}},"loc":{"start":{"line":94,"column":15},"end":{"line":96,"column":7}}},"20":{"name":"(anonymous_27)","decl":{"start":{"line":100,"column":28},"end":{"line":100,"column":29}},"loc":{"start":{"line":101,"column":2},"end":{"line":101,"column":56}}},"21":{"name":"(anonymous_28)","decl":{"start":{"line":103,"column":40},"end":{"
[...]
e":107,"column":8},"end":{"line":107,"column":14}},"58":{"start":{"line":109,"column":6},"end":{"line":109,"column":null}},"59":{"start":{"line":114,"column":20},"end":{"line":114,"column":37}},"60":{"start":{"line":115,"column":17},"end":{"line":115,"column":37}},"61":{"start":{"line":117,"column":24},"end":{"line":117,"column":29}},"62":{"start":{"line":118,"column":4},"end":{"line":129,"column":null}},"63":{"start":{"line":118,"column":26},"end":{"line":118,"column":null}},"64":{"start":{"line":118,"column":22},"end":{"line":118,"column":26}},"65":{"start":{"line":119,"column":6},"end":{"line":128,"column":null}},"66":{"start":{"line":120,"column":22},"end":{"line":120,"column":45}},"67":{"start":{"line":121,"column":8},"end":{"line":127,"column":null}},"68":{"start":{"line":122,"column":25},"end":{"line":122,"column":44}},"69":{"start":{"line":123,"column":10},"end":{"line":126,"column":null}},"70":{"start":{"line":124,"column":12},"end":{"line":124,"column":null}},"71":{"start":{"line":125,"column":12},"end":{"line":125,"column":null}},"72":{"start":{"line":131,"column":4},"end":{"line":133,"column":null}},"73":{"start":{"line":132,"column":6},"end":{"line":132,"column":null}},"74":{"start":{"line":138,"column":4},"end":{"line":166,"column":null}},"75":{"start":{"line":139,"column":26},"end":{"line":139,"column":31}},"76":{"start":{"line":140,"column":22},"end":{"line":140,"column":32}},"77":{"start":{"line":141,"column":22},"end":{"line":141,"column":24}},"78":{"start":{"line":142,"column":29},"end":{"line":142,"column":34}},"79":{"start":{"line":144,"column":26},"end":{"line":161,"column":7}},"80":{"start":{"line":145,"column":8},"end":{"line":150,"column":null}},"81":{"start":{"line":146,"column":10},"end":{"line":146,"column":null}},"82":{"start":{"line":147,"column":10},"end":{"line":147,"column":null}},"83":{"start":{"line":148,"column":10},"end":{"line":148,"column":null}},"84":{"start":{"line":149,"column":10},"end":{"line":149,"column":null}},"85":{"start":{"line":152,"column":8},"end":{"line":160,"column":null}},"86":{"start":{"line":153,"column":10},"end":{"line":153,"column":null}},"87":{"start":{"line":154,"column":27},"end":{"line":154,"column":61}},"88":{"start":{"line":155,"column":10},"end":{"line":159,"column":null}},"89":{"start":{"line":156,"column":12},"end":{"line":156,"column":null}},"90":{"start":{"line":158,"column":12},"end":{"line":158,"column":null}},"91":{"start":{"line":163,"column":6},"end":{"line":163,"column":null}},"92":{"start":{"line":164,"column":6},"end":{"line":164,"column":null}},"93":{"start":{"line":165,"column":22},"end":{"line":165,"column":80}},"94":{"start":{"line":170,"column":6},"end":{"line":170,"column":35}},"95":{"start":{"line":171,"column":6},"end":{"line":173,"column":null}},"96":{"start":{"line":172,"column":10},"end":{"line":172,"column":17}},"97":{"start":{"line":174,"column":6},"end":{"line":174,"column":30}},"98":{"start":{"line":178,"column":6},"end":{"line":180,"column":null}},"99":{"start":{"line":179,"column":10},"end":{"line":179,"column":17}},"100":{"start":{"line":181,"column":6},"end":{"line":181,"column":58}},"101":{"start":{"line":181,"column":46},"end":{"line":181,"column":56}},"102":{"start":{"line":186,"column":4},"end":{"line":188,"column":null}},"103":{"start":{"line":187,"column":6},"end":{"line":187,"column":12}},"104":{"start":{"line":190,"column":4},"end":{"line":190,"column":null}},"105":{"start":{"line":190,"column":35},"end":{"line":190,"column":38}},"106":{"start":{"line":194,"column":18},"end":{"line":194,"column":55}},"107":{"start":{"line":195,"column":4},"end":{"line":195,"column":null}},"108":{"start":{"line":199,"column":17},"end":{"line":199,"column":53}},"109":{"start":{"line":200,"column":4},"end":{"line":200,"column":32}},"110":{"start":{"line":204,"column":4},"end":{"line":204,"column":null}},"111":{"start":{"line":208,"column":17},"end":{"line":208,"column":53}},"112":{"start":{"line":210,"column":4},"end":{"line":210,"column":31}},"113":{"start":{"line":214,"column":4},"end":{"line":214,"column":null}},"114":{"start":{"line":17,"column":0},"end":{"line":17,"column":21}}},"fnMap":{"0":{"name":"(anonymous_15)","decl":{"start":{"line":9,"column":14},"end":{"line":9,"column":15}},"loc":{"start":{"line":9,"column":44},"end":{"line":11,"column":1}}},"1":{"name":"(anonymous_16)","decl":{"start":{"line":10,"column":21},"end":{"line":10,"column":28}},"loc":{"start":{"line":10,"column":32},"end":{"line":10,"column":55}}},"2":{"name":"(anonymous_17)","decl":{"start":{"line":13,"column":18},"end":{"line":13,"column":29}},"loc":{"start":{"line":13,"column":31},"end":{"line":15,"column":1}}},"3":{"name":"(anonymous_18)","decl":{"start":{"line":22,"column":2},"end":{"line":22,"column":null}},"loc":{"start":{"line":22,"column":2},"end":{"line":27,"column":3}}},"4":{"name":"(anonymous_19)","decl":{"start":{"line":29,"column":15},"end":{"line":29,"column":26}},"loc":{"start":{"line":29,"column":62},"end":{"line":66,"column":null}}},"5":{"name":"(anonymous_21)","decl":{"start":{"line":68,"column":15},"end":{"line":68,"column":26}},"loc":{"start":{"line":68,"column":38},"end":{"line":87,"column":null}}},"6":{"name":"(anonymous_23)","decl":{"start":{"line":89,"column":16},"end":{"line":89,"column":27}},"loc":{"start":{"line":89,"column":52},"end":{"line":111,"column":null}}},"7":{"name":"(anonymous_25)","decl":{"start":{"line":90,"column":15},"end":{"line":90,"column":24}},"loc":{"start":{"line":90,"column":26},"end":{"line":110,"column":7}}},"8":{"name":"(anonymous_26)","decl":{"start":{"line":90,"column":26},"end":{"line":90,"column":null}},"loc":{"start":{"line":90,"column":26},"end":{"line":110,"column":5}}},"9":{"name":"(anonymous_27)","decl":{"start":{"line":113,"column":16},"end":{"line":113,"column":29}},"loc":{"start":{"line":113,"column":29},"end":{"line":134,"column":null}}},"10":{"name":"(anonymous_29)","decl":{"start":{"line":137,"column":16},"end":{"line":137,"column":40}},"loc":{"start":{"line":137,"column":56},"end":{"line":167,"column":null}}},"11":{"name":"(anonymous_31)","decl":{"start":{"line":138,"column":28},"end":{"line":138,"column":35}},"loc":{"start":{"line":138,"column":38},"end":{"line":166,"column":5}}},"12":{"name":"(anonymous_32)","decl":{"start":{"line":144,"column":26},"end":{"line":144,"column":29}},"loc":{"start":{"line":144,"column":31},"end":{"line":161,"column":7}}},"13":{"name":"(anonymous_33)","decl":{"start":{"line":169,"column":10},"end":{"line":169,"column":22}},"loc":{"start":{"line":169,"column":32},"end":{"line":175,"column":3}}},"14":{"name":"(anonymous_34)","decl":{"start":{"line":177,"column":10},"end":{"line":177,"column":27}},"loc":{"start":{"line":177,"column":37},"end":{"line":182,"column":3}}},"15":{"name":"(anonymous_35)","decl":{"start":{"line":181,"column":41},"end":{"line":181,"column":42}},"loc":{"start":{"line":181,"column":46},"end":{"line":181,"column":56}}},"16":{"name":"(anonymous_36)","decl":{"start":{"line":185,"column":10},"end":{"line":185,"column":23}},"loc":{"start":{"line":185,"column":23},"end":{"line":191,"column":3}}},"17":{"name":"(anonymous_37)","decl":{"start":{"line":190,"column":30},"end":{"line":190,"column":31}},"loc":{"start":{"line":190,"column":35},"end":{"line":190,"column":38}}},"18":{"name":"(anonymous_38)","decl":{"start":{"line":193,"column":16},"end":{"line":193,"column":23}},"loc":{"start":{"line":193,"column":23},"end":{"line":196,"column":null}}},"19":{"name":"(anonymous_40)","decl":{"start":{"line":198,"column":16},"end":{"line":198,"column":22}},"loc":{"start":{"line":198,"column":34},"end":{"line":201,"column":null}}},"20":{"name":"(anonymous_42)","decl":{"start":{"line":203,"column":16},"end":{"line":203,"column":23}},"loc":{"start":{"line":203,"column":50},"end":{"line":205,"column":null}}},"21":{"name":"(anonymous_44)","decl":{"start":{"line":207,"column":16},"end":{"line":207,"column":23}},"loc":{"start":{"line":207,"column":35},"end":{"line":211,"column":null}}},"22":{"name":"(anonymous_46)","decl":{"start":{"line":213,"column":16},"end":{"line":213,"column":26}},"loc":{"start":{"line":213,"column":38},"end":{"line":215,"column":null}}}},"branchMap":{"0":{"loc":{"start":{"line":24,"column":4},"end":{"line":26,"column":null}},"type":"if","locations":[{"start":{"line":24,"column":4},"end":{"line":26,"column":null}}]},"1":{"loc":{"start":{"line":29,"column":40},"end":{"line":29,"column":62}},"type":"default-arg","locations":[{"start":{"line":29,"column":58},"end":{"line":29,"column":62}}]},"2":{"loc":{"start":{"line":37,"column":6},"end":{"line":60,"column":null}},"type":"if","locations":[{"start":{"line":37,"column":6},"end":{"line":60,"column":null}},{"start":{"line":40,"column":13},"end":{"line":60,"column":null}}]},"3":{"loc":{"start":{"line":51,"column":8},"end":{"line":59,"column":null}},"type":"if","locations":[{"start":{"line":51,"column":8},"end":{"line":59,"column":null}}]},"4":{"loc":{"start":{"line":54,"column":10},"end":{"line":58,"column":null}},"type":"if","locations":[{"start":{"line":54,"column":10},"end":{"line":58,"column":null}}]},"5":{"loc":{"start":{"line":54,"column":13},"end":{"line":54,"column":52}},"type":"binary-expr","locations":[{"start":{"line":54,"column":13},"end":{"line":54,"column":32}},{"start":{"line":54,"column":36},"end":{"line":54,"column":52}}]},"6":{"loc":{"start":{"line":71,"column":4},"end":{"line":73,"column":null}},"type":"if","locations":[{"start":{"line":71,"column":4},"end":{"line":73,"column":null}}]},"7":{"loc":{"start":{"line":77,"column":4},"end":{"line":86,"column":null}},"type":"if","locations":[{"start":{"line":77,"column":4},"end":{"line":86,"column":null}}]},"8":{"loc":{"start":{"line":93,"column":6},"end":{"line":96,"column":null}},"type":"if","locations":[{"start":{"line":93,"column":6},"end":{"line":96,"column":null}}]},"9":{"loc":{"start":{"line":100,"column":6},"end":{"line":108,"column":null}},"type":"if","locations":[{"start":{"line":100,"column":6},"end":{"line":108,"column":null}},{"start":{"line":105,"column":13},"end":{"line":108,"column":null}}]},"10":{"loc":{"start":{"line":119,"column":6},"end":{"line":128,"column":null}},"type":"if","locations":[{"start":{"line":119,"column":6},"end":{"line":128,"column":null}}]},"11":{"loc":{"start":{"line":121,"column":8},"end":{"line":127,"column":null}},"type":"if","locations":[{"start":{"line":121,"column":8},"end":{"line":127,"column":null}}]},"12":{"loc":{"start":{"line":123,"column":10},"end":{"line":126,"column":null}},"type":"if","locations":[{"start":{"line":123,"column":10},"end":{"line":126,"column":null}}]},"13":{"loc":{"start":{"line":131,"column":4},"end":{"line":133,"column":null}},"type":"if","locations":[{"start":{"line":131,"column":4},"end":{"line":133,"column":null}}]},"14":{"loc":{"start":{"line":145,"column":8},"end":{"line":150,"column":null}},"type":"if","locations":[{"start":{"line":145,"column":8},"end":{"line":150,"column":null}}]},"15":{"loc":{"start":{"line":152,"column":8},"end":{"line":160,"column":null}},"type":"if","locations":[{"start":{"line":152,"column":8},"end":{"line":160,"column":null}}]},"16":{"loc":{"start":{"line":155,"column":10},"end":{"line":159,"column":null}},"type":"if","locations":[{"start":{"line":155,"column":10},"end":{"line":159,"column":null}},{"start":{"line":157,"column":17},"end":{"line":159,"column":null}}]},"17":{"loc":{"start":{"line":171,"column":6},"end":{"line":173,"column":null}},"type":"if","locations":[{"start":{"line":171,"column":6},"end":{"line":173,"column":null}}]},"18":{"loc":{"start":{"line":178,"column":6},"end":{"line":180,"column":null}},"type":"if","locations":[{"start":{"line":178,"column":6},"end":{"line":180,"column":null}}]},"19":{"loc":{"start":{"line":186,"column":4},"end":{"line":188,"column":null}},"type":"if","locations":[{"start":{"line":186,"column":4},"end":{"line":188,"column":null}}]},"20":{"loc":{"start":{"line":200,"column":19},"end":{"line":200,"column":30}},"type":"cond-expr","locations":[{"start":{"line":200,"column":23},"end":{"line":200,"column":26}},{"start":{"line":200,"column":19},"end":{"line":200,"column":30}}]},"21":{"loc":{"start":{"line":200,"column":19},"end":{"line":200,"column":26}},"type":"binary-expr","locations":[{"start":{"line":200,"column":19},"end":{"line":200,"column":26}},{"start":{"line":200,"column":19},"end":{"line":200,"column":26}}]},"22":{"loc":{"start":{"line":210,"column":11},"end":{"line":210,"column":30}},"type":"binary-expr","locations":[{"start":{"line":210,"column":11},"end":{"line":210,"column":22}},{"start":{"line":210,"column":26},"end":{"line":210,"column":30}}]},"23":{"loc":{"start":{"line":210,"column":11},"end":{"line":210,"column":22}},"type":"cond-expr","locations":[{"start":{"line":210,"column":15},"end":{"line":210,"column":18}},{"start":{"line":210,"column":11},"end":{"line":210,"column":22}}]},"24":{"loc":{"start":{"line":210,"column":11},"end":{"line":210,"column":18}},"type":"binary-expr","locations":[{"start":{"line":210,"column":11},"end":{"line":210,"column":18}},{"start":{"line":210,"column":11},"end":{"line":210,"column":18}}]}},"s":{"0":2,"1":2,"2":2,"3":2,"4":2,"5":0,"6":0,"7":2,"8":2,"9":2,"10":2,"11":2,"12":2,"13":2,"14":0,"15":0,"16":0,"17":0,"18":0,"19":0,"20":0,"21":0,"22":0,"23":0,"24":0,"25":0,"26":0,"27":0,"28":0,"29":0,"30":0,"31":0,"32":0,"33":0,"34":0,"35":0,"36":0,"37":0,"38":0,"39":0,"40":0,"41":0,"42":0,"43":0,"44":0,"45":0,"46":0,"47":0,"48":0,"49":0,"50":0,"51":0,"52":0,"53":0,"54":0,"55":0,"56":0,"57":0,"58":0,"59":0,"60":0,"61":0,"62":0,"63":0,"64":0,"65":0,"66":0,"67":0,"68":0,"69":0,"70":0,"71":0,"72":0,"73":0,"74":0,"75":0,"76":0,"77":0,"78":0,"79":0,"80":0,"81":0,"82":0,"83":0,"84":0,"85":0,"86":0,"87":0,"88":0,"89":0,"90":0,"91":0,"92":0,"93":0,"94":0,"95":0,"96":0,"97":0,"98":0,"99":0,"100":0,"101":0,"102":0,"103":0,"104":0,"105":0,"106":0,"107":0,"108":0,"109":0,"110":0,"111":0,"112":0,"113":0,"114":2},"f":{"0":0,"1":0,"2":2,"3":2,"4":0,"5":0,"6":0,"7":0,"8":0,"9":0,"10":0,"11":0,"12":0,"13":0,"14":0,"15":0,"16":0,"17":0,"18":0,"19":0,"20":0,"21":0,"22":0},"b":{"0":[2],"1":[0],"2":[0,0],"3":[0],"4":[0],"5":[0,0],"6":[0],"7":[0],"8":[0],"9":[0,0],"10":[0],"11":[0],"12":[0],"13":[0],"14":[0],"15":[0],"16":[0,0],"17":[0],"18":[0],"19":[0],"20":[0,0],"21":[0,0],"22":[0,0],"23":[0,0],"24":[0,0]}}
,"/home/pjhul/auth0-web-extension/src/lock/processLock.ts": {"path":"/home/pjhul/auth0-web-extension/src/lock/processLock.ts","statementMap":{"0":{"start":{"line":4,"column":12},"end":{"line":4,"column":84}},"1":{"start":{"line":14,"column":12},"end":{"line":28,"column":null}},"2":{"start":{"line":15,"column":24},"end":{"line":15,"column":44}},"3":{"start":{"line":16,"column":8},"end":{"line":27,"column":null}},"4":{"start":{"line":17,"column":12},"end":{"line":21,"column":null}},"5":{"start":{"line":18,"column":16},"end":{"line":18,"column":41}},"6":{"start":{"line":20,"column":16},"end":{"line":20,"column":46}},"7":{"start":{"line":23,"column":12},"end":{"line":26,"column":null}},"8":{"start":{"line":24,"column":16},"end":{"line":24,"column":41}},"9":{"start":{"line":25,"column":16},"end":{"line":25,"column":48}},"10":{"start":{"line":30,"column":4},"end":{"line":32,"column":null}},"11":{"start":{"line":31,"column":8},"end":{"line":31,"column":36}},"12":{"start":{"line":34,"column":4},"end":{"line":43,"column":null}},"13":{"start":{"line":35,"column":8},"end":{"line":42,"column":11}},"14":{"start":{"line":36,"column":12},"end":{"line":41,"column":null}},"15":{"start":{"line":37,"column":16},"end":{"line":37,"column":47}},"16":{"start":{"line":39,"column":16},"end":{"line":39,"column":38}},"17":{"start":{"line":40,"column":16},"end":{"line":40,"column":26}},"18":{"start":{"line":45,"column":4},"end":{"line":56,"column":null}},"19":{"start":{"line":46,"column":24},"end":{"line":46,"column":44}},"20":{"start":{"line":47,"column":8},"end":{"line":50,"column":null}},"21":{"start":{"line":48,"column":12},"end":{"line":48,"column":36}},"22":{"start":{"line":49,"column":12},"end":{"line":49,"column":19}},"23":{"start":{"line":51,"column":21},"end":{"line":51,"column":36}},"24":{"start":{"line":52,"column":8},"end":{"line":52,"column":40}},"25":{"start":{"line":53,"column":8},"end":{"line":55,"column":null}},"26":{"start":{"line":54,"column":12},"end":{"line":54,"column":34}},"27":{"start":{"line":8,"column":8},"end":{"line":10,"column":null}},"28":{"start":{"line":9,"column":12},"end":{"line":9,"column":59}},"29":{"start":{"line":11,"column":8},"end":{"line":11,"column":39}},"30":{"start":{"line":60,"column":4},"end":{"line":60,"column":40}},"31":{"start":{"line":59,"column":0},"end":{"line":59,"column":24}}},"fnMap":{"0":{"name":"(anonymous_0)","decl":{"start":{"line":2,"column":0},"end":{"line":2,"column":6}},"loc":{"start":{"line":2,"column":0},"end":{"line":57,"column":1}}},"1":{"name":"(anonymous_1)","decl":{"start":{"line":14,"column":26},"end":{"line":14,"column":27}},"loc":{"start":{"line":14,"column":62},"end":{"line":28,"column":5}}},"2":{"name":"(anonymous_2)","decl":{"start":{"line":30,"column":15},"end":{"line":30,"column":16}},"loc":{"start":{"line":30,"column":40},"end":{"line":32,"column":5}}},"3":{"name":"(anonymous_3)","decl":{"start":{"line":34,"column":11},"end":{"line":34,"column":12}},"loc":{"start":{"line":34,"column":42},"end":{"line":43,"column":5}}},"4":{"name":"(anonymous_4)","decl":{"start":{"line":35,"column":33},"end":{"line":35,"column":34}},"loc":{"start":{"line":35,"column":53},"end":{"line":42,"column":9}}},"5":{"name":"(anonymous_5)","decl":{"start":{"line":45,"column":13},"end":{"line":45,"column":14}},"loc":{"start":{"line":45,"column":29},"end":{"line":56,"column":5}}},"6":{"name":"(anonymous_6)","decl":{"start":{"line":7,"column":4},"end":{"line":7,"column":10}},"loc":{"start":{"line":7,"column":22},"end":{"line":12,"column":5}}},"7":{"name":"getLock","decl":{"start":{"line":59,"column":24},"end":{"line":59,"column":31}},"loc":{"start":{"line":59,"column":31},"end":{"line":61,"column":1}}}},"branchMap":{"0":{"loc":{"start":{"line":16,"column":8},"end":{"line":27,"column":null}},"type":"if","locations":[{"start":{"line":16,"column":8},"end":{"line":27,"column":null}},{"start":{"line":22,"column":15},"end":{"line":27,"column":null}}]},"1":{"loc":{"start":{"line":17,"column":12},"end":{"line":21,"column":null}},"type":"if","locations":[{"start":{"line":17,"column":12},"end":{"line":21,"column":null}},{"start":{"line":19,"column":19},"end":{"line":21,"column":null}}]},"2":{"loc":{"start":{"line":23,"column":12},"end":{"line":26,"column":null}},"type":"if","locations":[{"start":{"line":23,"column":12},"end":{"line":26,"column":null}}]},"3":{"loc":{"start":{"line":36,"column":12},"end":{"line":41,"column":null}},"type":"if","locations":[{"start":{"line":36,"column":12},"end":{"line":41,"column":null}},{"start":{"line":38,"column":19},"end":{"line":41,"column":null}}]},"4":{"loc":{"start":{"line":47,"column":8},"end":{"line":50,"column":null}},"type":"if","locations":[{"start":{"line":47,"column":8},"end":{"line":50,"column":null}}]},"5":{"loc":{"start":{"line":47,"column":12},"end":{"line":47,"column":61}},"type":"binary-expr","locations":[{"start":{"line":47,"column":12},"end":{"line":47,"column":35}},{"start":{"line":47,"column":39},"end":{"line":47,"column":61}}]},"6":{"loc":{"start":{"line":53,"column":8},"end":{"line":55,"column":null}},"type":"if","locations":[{"start":{"line":53,"column":8},"end":{"line":55,"column":null}}]},"7":{"loc":{"start":{"line":8,"column":8},"end":{"line":10,"column":null}},"type":"if","locations":[{"start":{"line":8,"column":8},"end":{"line":10,"column":null}}]}},"s":{"0":0,"1":0,"2":0,"3":0,"4":0,"5":0,"6":0,"7":0,"8":0,"9":0,"10":0,"11":0,"12":0,"13":0,"14":0,"15":0,"16":0,"17":0,"18":0,"19":0,"20":0,"21":0,"22":0,"23":0,"24":0,"25":0,"26":0,"27":0,"28":0,"29":0,"30":0,"31":2},"f":{"0":0,"1":0,"2":0,"3":0,"4":0,"5":0,"6":0,"7":0},"b":{"0":[0,0],"1":[0,0],"2":[0],"3":[0,0],"4":[0],"5":[0,0],"6":[0],"7":[0]}}
}
