TN:
SF:src/Auth0Client.ts
FN:73,(anonymous_9)
FN:131,(anonymous_10)
FN:136,(anonymous_11)
FN:181,(anonymous_12)
FN:199,(anonymous_13)
FN:234,(anonymous_15)
FN:265,(anonymous_17)
FN:270,(anonymous_19)
FN:299,(anonymous_21)
FN:303,(anonymous_23)
FN:318,(anonymous_24)
FN:338,(anonymous_26)
FN:388,(anonymous_27)
FN:394,(anonymous_29)
FN:429,(anonymous_31)
FN:434,(anonymous_32)
FN:436,(anonymous_33)
FN:509,(anonymous_34)
FN:527,(anonymous_36)
FN:546,(anonymous_38)
FN:584,(anonymous_40)
FN:592,(anonymous_41)
FN:601,(anonymous_42)
FN:604,(anonymous_43)
FN:608,(anonymous_44)
FN:616,(anonymous_45)
FNF:26
FNH:6
FNDA:10,(anonymous_9)
FNDA:0,(anonymous_10)
FNDA:0,(anonymous_11)
FNDA:0,(anonymous_12)
FNDA:0,(anonymous_13)
FNDA:0,(anonymous_15)
FNDA:0,(anonymous_17)
FNDA:0,(anonymous_19)
FNDA:0,(anonymous_21)
FNDA:0,(anonymous_23)
FNDA:0,(anonymous_24)
FNDA:0,(anonymous_26)
FNDA:0,(anonymous_27)
FNDA:0,(anonymous_29)
FNDA:0,(anonymous_31)
FNDA:0,(anonymous_32)
FNDA:0,(anonymous_33)
FNDA:0,(anonymous_34)
FNDA:0,(anonymous_36)
FNDA:0,(anonymous_38)
FNDA:0,(anonymous_40)
FNDA:9,(anonymous_41)
FNDA:9,(anonymous_42)
FNDA:10,(anonymous_43)
FNDA:9,(anonymous_44)
FNDA:9,(anonymous_45)
DA:1,2
DA:3,2
DA:5,2
DA:14,2
DA:15,2
DA:16,2
DA:18,2
DA:26,2
DA:51,2
DA:53,2
DA:55,2
DA:57,2
DA:62,2
DA:73,10
DA:74,10
DA:78,10
DA:79,0
DA:86,10
DA:87,0
DA:89,0
DA:91,10
DA:93,10
DA:95,10
DA:96,1
DA:99,9
DA:102,9
DA:104,9
DA:106,9
DA:114,9
DA:115,9
DA:117,9
DA:124,9
DA:128,9
DA:133,0
DA:159,0
DA:160,0
DA:161,0
DA:163,0
DA:182,0
DA:202,0
DA:203,0
DA:205,0
DA:210,0
DA:218,0
DA:237,0
DA:238,0
DA:240,0
DA:245,0
DA:253,0
DA:266,0
DA:267,0
DA:273,0
DA:274,0
DA:276,0
DA:277,0
DA:302,0
DA:304,0
DA:321,0
DA:323,0
DA:324,0
DA:331,0
DA:332,0
DA:336,0
DA:338,0
DA:342,0
DA:343,0
DA:344,0
DA:351,0
DA:352,0
DA:356,0
DA:360,0
DA:367,0
DA:369,0
DA:371,0
DA:379,0
DA:381,0
DA:384,0
DA:391,0
DA:397,0
DA:398,0
DA:399,0
DA:400,0
DA:401,0
DA:403,0
DA:413,0
DA:420,0
DA:422,0
DA:423,0
DA:425,0
DA:426,0
DA:429,0
DA:430,0
DA:434,0
DA:435,0
DA:436,0
DA:437,0
DA:439,0
DA:440,0
DA:442,0
DA:445,0
DA:452,0
DA:454,0
DA:459,0
DA:460,0
DA:470,0
DA:471,0
DA:473,0
DA:488,0
DA:493,0
DA:501,0
DA:505,0
DA:510,0
DA:511,0
DA:513,0
DA:515,0
DA:517,0
DA:519,0
DA:520,0
DA:524,0
DA:532,0
DA:534,0
DA:554,0
DA:563,0
DA:564,0
DA:565,0
DA:567,0
DA:568,0
DA:571,0
DA:578,0
DA:584,2
DA:585,0
DA:586,0
DA:588,0
DA:592,2
DA:593,9
DA:594,7
DA:596,2
DA:600,2
DA:601,9
DA:604,2
DA:605,10
DA:608,2
DA:609,9
DA:610,2
DA:612,7
DA:616,2
DA:635,9
DA:636,9
DA:637,9
LF:149
LH:47
BRDA:78,0,0,0
BRDA:78,1,0,10
BRDA:78,1,1,0
BRDA:86,2,0,0
BRDA:86,2,1,10
BRDA:91,3,0,10
BRDA:91,3,1,9
BRDA:95,4,0,1
BRDA:104,5,0,9
BRDA:104,5,1,9
BRDA:108,6,0,0
BRDA:108,6,1,9
BRDA:119,7,0,2
BRDA:119,7,1,7
BRDA:119,8,0,7
BRDA:119,8,1,2
BRDA:119,9,0,9
BRDA:119,9,1,9
BRDA:119,10,0,0
BRDA:119,10,1,9
BRDA:119,11,0,9
BRDA:119,11,1,9
BRDA:124,12,0,0
BRDA:175,13,0,0
BRDA:175,13,1,0
BRDA:200,14,0,0
BRDA:202,15,0,0
BRDA:202,15,1,0
BRDA:202,15,2,0
BRDA:218,16,0,0
BRDA:218,16,1,0
BRDA:218,17,0,0
BRDA:218,17,1,0
BRDA:218,18,0,0
BRDA:218,18,1,0
BRDA:218,19,0,0
BRDA:218,19,1,0
BRDA:235,20,0,0
BRDA:237,21,0,0
BRDA:237,21,1,0
BRDA:237,21,2,0
BRDA:253,22,0,0
BRDA:253,22,1,0
BRDA:253,23,0,0
BRDA:253,23,1,0
BRDA:253,24,0,0
BRDA:253,24,1,0
BRDA:253,25,0,0
BRDA:253,25,1,0
BRDA:276,26,0,0
BRDA:300,27,0,0
BRDA:319,28,0,0
BRDA:323,29,0,0
BRDA:323,30,0,0
BRDA:323,30,1,0
BRDA:326,31,0,0
BRDA:326,31,1,0
BRDA:331,32,0,0
BRDA:336,33,0,0
BRDA:336,33,1,0
BRDA:343,34,0,0
BRDA:343,35,0,0
BRDA:343,35,1,0
BRDA:346,36,0,0
BRDA:346,36,1,0
BRDA:351,37,0,0
BRDA:356,38,0,0
BRDA:356,38,1,0
BRDA:367,39,0,0
BRDA:374,40,0,0
BRDA:374,40,1,0
BRDA:408,41,0,0
BRDA:408,41,1,0
BRDA:420,42,0,0
BRDA:420,42,1,0
BRDA:425,43,0,0
BRDA:435,44,0,0
BRDA:459,45,0,0
BRDA:498,46,0,0
BRDA:498,46,1,0
BRDA:501,47,0,0
BRDA:513,48,0,0
BRDA:513,48,1,0
BRDA:515,49,0,0
BRDA:519,50,0,0
BRDA:550,51,0,0
BRDA:563,52,0,0
BRDA:563,53,0,0
BRDA:563,53,1,0
BRDA:564,54,0,0
BRDA:564,54,1,0
BRDA:567,55,0,0
BRDA:567,56,0,0
BRDA:567,56,1,0
BRDA:574,57,0,0
BRDA:574,57,1,0
BRDA:585,58,0,0
BRDA:585,58,1,0
BRDA:588,59,0,0
BRDA:588,59,1,0
BRDA:593,60,0,7
BRDA:593,60,1,2
BRDA:609,61,0,2
BRDA:609,61,1,7
BRDA:610,62,0,1
BRDA:610,62,1,1
BRF:106
BRH:23
end_of_record
TN:
SF:src/api.ts
FN:5,oauthToken
FNF:1
FNH:1
FNDA:8,oauthToken
DA:2,3
DA:3,3
DA:5,3
DA:10,8
DA:11,8
DA:13,8
DA:17,8
LF:7
LH:7
BRDA:13,0,0,0
BRDA:13,0,1,8
BRDA:23,1,0,0
BRDA:23,1,1,8
BRF:4
BRH:2
end_of_record
TN:
SF:src/constants.ts
FN:22,(anonymous_0)
FNF:1
FNH:1
FNDA:34,(anonymous_0)
DA:1,8
DA:3,8
DA:4,8
DA:6,8
DA:8,8
DA:19,8
DA:20,8
DA:22,34
LF:8
LH:8
BRF:0
BRH:0
end_of_record
TN:
SF:src/errors.ts
FN:10,(anonymous_0)
FN:15,(anonymous_1)
FN:31,(anonymous_2)
FN:48,(anonymous_3)
FN:59,(anonymous_4)
FNF:5
FNH:2
FNDA:4,(anonymous_0)
FNDA:0,(anonymous_1)
FNDA:0,(anonymous_2)
FNDA:0,(anonymous_3)
FNDA:2,(anonymous_4)
DA:9,5
DA:10,4
DA:11,4
DA:12,4
DA:22,0
DA:30,5
DA:34,0
DA:35,0
DA:37,0
DA:39,0
DA:47,5
DA:49,0
DA:51,0
DA:58,5
DA:62,2
DA:64,2
DA:66,2
LF:17
LH:10
BRDA:35,0,0,0
BRF:1
BRH:0
end_of_record
TN:
SF:src/global.ts
FNF:0
FNH:0
DA:376,1
LF:1
LH:1
BRF:0
BRH:0
end_of_record
TN:
SF:src/handler.ts
FN:10,handleTokenRequest
FN:11,(anonymous_9)
FN:20,(anonymous_10)
FN:20,(anonymous_11)
FN:32,(anonymous_12)
FN:34,(anonymous_13)
FN:45,(anonymous_14)
FN:56,(anonymous_15)
FN:60,(anonymous_16)
FN:61,(anonymous_17)
FN:68,(anonymous_18)
FN:77,(anonymous_19)
FN:82,(anonymous_20)
FNF:13
FNH:0
FNDA:0,handleTokenRequest
FNDA:0,(anonymous_9)
FNDA:0,(anonymous_10)
FNDA:0,(anonymous_11)
FNDA:0,(anonymous_12)
FNDA:0,(anonymous_13)
FNDA:0,(anonymous_14)
FNDA:0,(anonymous_15)
FNDA:0,(anonymous_16)
FNDA:0,(anonymous_17)
FNDA:0,(anonymous_18)
FNDA:0,(anonymous_19)
FNDA:0,(anonymous_20)
DA:1,1
DA:3,1
DA:7,1
DA:10,1
DA:11,0
DA:12,0
DA:15,0
DA:17,0
DA:18,0
DA:20,0
DA:21,0
DA:22,0
DA:24,0
DA:26,0
DA:30,0
DA:32,0
DA:33,0
DA:34,0
DA:35,0
DA:37,0
DA:38,0
DA:39,0
DA:41,0
DA:42,0
DA:44,0
DA:45,0
DA:46,0
DA:50,0
DA:56,1
DA:60,0
DA:61,0
DA:62,0
DA:64,0
DA:65,0
DA:66,0
DA:68,0
DA:69,0
DA:70,0
DA:71,0
DA:77,0
DA:78,0
DA:79,0
DA:82,0
DA:83,0
DA:85,0
DA:86,0
DA:88,0
DA:90,0
DA:91,0
DA:94,0
DA:98,0
DA:99,0
DA:103,0
DA:106,0
DA:107,0
DA:108,0
LF:56
LH:5
BRDA:17,0,0,0
BRDA:17,0,1,0
BRDA:21,1,0,0
BRDA:33,2,0,0
BRDA:59,3,0,0
BRDA:69,4,0,0
BRDA:85,5,0,0
BRDA:86,6,0,0
BRDA:86,7,0,0
BRDA:86,7,1,0
BRDA:90,8,0,0
BRDA:94,9,0,0
BRDA:94,9,1,0
BRF:13
BRH:0
end_of_record
TN:
SF:src/http.ts
FN:11,(anonymous_9)
FN:13,(anonymous_10)
FN:13,(anonymous_11)
FN:23,(anonymous_12)
FN:27,(anonymous_13)
FN:36,(anonymous_14)
FN:37,(anonymous_15)
FN:42,(anonymous_16)
FN:47,fetchJSON
FNF:9
FNH:9
FNDA:3,(anonymous_9)
FNDA:20,(anonymous_10)
FNDA:20,(anonymous_11)
FNDA:20,(anonymous_12)
FNDA:20,(anonymous_13)
FNDA:20,(anonymous_14)
FNDA:4,(anonymous_15)
FNDA:20,(anonymous_16)
FNDA:10,fetchJSON
DA:1,4
DA:3,4
DA:9,4
DA:11,4
DA:13,20
DA:14,20
DA:15,11
DA:23,4
DA:27,20
DA:28,20
DA:29,20
DA:34,20
DA:37,20
DA:38,4
DA:39,4
DA:43,20
DA:47,4
DA:52,10
DA:55,10
DA:56,19
DA:57,19
DA:58,7
DA:59,7
DA:65,12
DA:69,10
DA:72,3
DA:73,3
DA:77,7
DA:79,7
DA:81,7
DA:83,4
DA:85,4
DA:86,2
DA:89,2
DA:92,3
LF:35
LH:35
BRDA:26,0,0,15
BRDA:69,1,0,3
BRDA:72,2,0,3
BRDA:72,2,1,1
BRDA:81,3,0,4
BRDA:83,4,0,4
BRDA:83,4,1,3
BRDA:85,5,0,2
BRDA:89,6,0,2
BRDA:89,6,1,1
BRF:10
BRH:10
end_of_record
TN:
SF:src/index.ts
FN:31,(anonymous_5)
FN:12,createAuth0Client
FN:25,(anonymous_7)
FN:26,(anonymous_8)
FN:27,(anonymous_9)
FN:28,(anonymous_10)
FNF:6
FNH:1
FNDA:0,(anonymous_5)
FNDA:3,createAuth0Client
FNDA:0,(anonymous_7)
FNDA:0,(anonymous_8)
FNDA:0,(anonymous_9)
FNDA:0,(anonymous_10)
DA:1,1
DA:4,1
DA:6,1
DA:8,1
DA:10,1
DA:12,1
DA:13,3
DA:21,2
DA:24,1
DA:25,1
DA:26,1
DA:27,1
DA:28,1
DA:31,1
LF:14
LH:14
BRF:0
BRH:0
end_of_record
TN:
SF:src/jwt.ts
FN:4,(anonymous_0)
FN:39,(anonymous_1)
FN:49,(anonymous_2)
FN:63,(anonymous_3)
FNF:4
FNH:4
FNDA:54,(anonymous_0)
FNDA:34,(anonymous_1)
FNDA:213,(anonymous_2)
FNDA:27,(anonymous_3)
DA:1,3
DA:4,54
DA:6,3
DA:39,3
DA:40,34
DA:41,34
DA:43,34
DA:44,7
DA:46,27
DA:47,27
DA:48,27
DA:49,27
DA:50,213
DA:51,213
DA:52,54
DA:55,27
DA:63,3
DA:64,27
DA:65,1
DA:68,26
DA:70,26
DA:71,1
DA:76,25
DA:77,1
DA:82,24
DA:83,1
DA:88,23
DA:89,1
DA:94,22
DA:101,1
DA:105,21
DA:106,5
DA:107,1
DA:113,4
DA:114,3
DA:115,1
DA:119,2
DA:120,1
DA:125,16
DA:126,1
DA:130,17
DA:131,16
DA:132,1
DA:136,15
DA:137,1
DA:143,15
DA:144,1
DA:155,14
DA:156,1
DA:161,13
DA:162,13
DA:163,13
DA:164,13
DA:165,13
DA:167,13
DA:171,13
DA:172,13
DA:174,13
DA:175,1
DA:180,12
DA:181,1
DA:186,11
DA:187,1
DA:192,10
DA:193,3
DA:194,1
DA:197,2
DA:198,1
DA:204,8
LF:69
LH:69
BRDA:43,0,0,7
BRDA:43,1,0,34
BRDA:43,1,1,30
BRDA:43,1,2,29
BRDA:43,1,3,28
BRDA:51,2,0,54
BRDA:64,3,0,1
BRDA:70,4,0,1
BRDA:76,5,0,1
BRDA:82,6,0,1
BRDA:88,7,0,1
BRDA:94,8,0,1
BRDA:95,9,0,22
BRDA:95,9,1,21
BRDA:97,10,0,21
BRDA:97,10,1,5
BRDA:105,11,0,5
BRDA:105,11,1,16
BRDA:106,12,0,1
BRDA:113,13,0,3
BRDA:114,14,0,1
BRDA:119,15,0,1
BRDA:125,16,0,1
BRDA:130,17,0,16
BRDA:131,18,0,1
BRDA:136,19,0,1
BRDA:143,20,0,1
BRDA:143,21,0,15
BRDA:143,21,1,3
BRDA:155,22,0,1
BRDA:161,23,0,13
BRDA:161,23,1,11
BRDA:162,24,0,13
BRDA:162,24,1,11
BRDA:174,25,0,1
BRDA:180,26,0,1
BRDA:180,27,0,12
BRDA:180,27,1,1
BRDA:186,28,0,1
BRDA:186,29,0,11
BRDA:186,29,1,2
BRDA:192,30,0,3
BRDA:193,31,0,1
BRDA:193,31,1,2
BRDA:197,32,0,1
BRF:45
BRH:45
end_of_record
TN:
SF:src/promise-utils.ts
FN:3,(anonymous_7)
FN:4,(anonymous_8)
FN:8,(anonymous_9)
FN:11,(anonymous_10)
FN:23,(anonymous_11)
FN:26,(anonymous_12)
FNF:6
FNH:6
FNDA:1,(anonymous_7)
FNDA:1,(anonymous_8)
FNDA:6,(anonymous_9)
FNDA:5,(anonymous_10)
FNDA:3,(anonymous_11)
FNDA:3,(anonymous_12)
DA:1,3
DA:3,3
DA:4,1
DA:5,1
DA:8,3
DA:9,6
DA:10,6
DA:11,5
DA:12,5
DA:13,5
DA:15,5
DA:17,6
DA:23,3
DA:26,3
DA:27,3
DA:28,9
DA:29,9
DA:30,2
DA:32,7
DA:36,1
LF:20
LH:20
BRDA:10,0,0,5
BRDA:25,1,0,2
BRF:2
BRH:2
end_of_record
TN:
SF:src/scope.ts
FN:1,(anonymous_0)
FN:3,(anonymous_1)
FNF:2
FNH:2
FNDA:12,(anonymous_0)
FNDA:12,(anonymous_1)
DA:1,12
DA:3,3
DA:4,12
LF:3
LH:3
BRF:0
BRH:0
end_of_record
TN:
SF:src/utils.ts
FN:1,(anonymous_7)
FN:7,(anonymous_8)
FN:13,(anonymous_9)
FN:27,(anonymous_10)
FN:37,(anonymous_11)
FN:42,(anonymous_12)
FN:43,(anonymous_13)
FN:45,(anonymous_14)
FN:47,(anonymous_15)
FN:48,(anonymous_16)
FN:52,(anonymous_17)
FN:52,(anonymous_18)
FN:66,(anonymous_19)
FN:67,(anonymous_20)
FN:71,(anonymous_21)
FN:75,(anonymous_22)
FN:84,(anonymous_23)
FN:86,(anonymous_24)
FN:90,(anonymous_25)
FN:94,(anonymous_26)
FN:100,(anonymous_27)
FN:103,(anonymous_28)
FN:110,(anonymous_29)
FNF:23
FNH:23
FNDA:28,(anonymous_7)
FNDA:15,(anonymous_8)
FNDA:2,(anonymous_9)
FNDA:2,(anonymous_10)
FNDA:48,(anonymous_11)
FNDA:3,(anonymous_12)
FNDA:57,(anonymous_13)
FNDA:1,(anonymous_14)
FNDA:4,(anonymous_15)
FNDA:3,(anonymous_16)
FNDA:4,(anonymous_17)
FNDA:4,(anonymous_18)
FNDA:3,(anonymous_19)
FNDA:1,(anonymous_20)
FNDA:1,(anonymous_21)
FNDA:1,(anonymous_22)
FNDA:2,(anonymous_23)
FNDA:5,(anonymous_24)
FNDA:56,(anonymous_25)
FNDA:8136,(anonymous_26)
FNDA:56,(anonymous_27)
FNDA:2,(anonymous_28)
FNDA:9,(anonymous_29)
DA:1,6
DA:4,28
DA:7,6
DA:8,15
DA:10,15
DA:13,6
DA:15,2
DA:17,2
DA:19,2
DA:20,30
DA:21,30
DA:24,2
DA:27,6
DA:29,2
DA:31,2
DA:33,2
DA:37,48
DA:39,2
DA:42,6
DA:43,57
DA:45,6
DA:46,1
DA:47,4
DA:48,3
DA:52,6
DA:53,4
DA:65,4
DA:66,3
DA:67,3
DA:68,1
DA:71,3
DA:72,1
DA:75,3
DA:76,1
DA:80,1
DA:84,6
DA:85,2
DA:86,5
DA:90,6
DA:91,56
DA:95,8136
DA:100,6
DA:101,56
DA:103,6
DA:104,2
DA:105,2
DA:110,6
DA:111,9
DA:112,1
DA:116,8
DA:117,1
LF:51
LH:51
BRDA:4,0,0,28
BRDA:4,0,1,3
BRDA:10,1,0,15
BRDA:10,1,1,2
BRDA:65,2,0,3
BRDA:65,2,1,1
BRDA:65,3,0,4
BRDA:65,3,1,4
BRDA:65,4,0,0
BRDA:65,4,1,4
BRDA:65,5,0,4
BRDA:65,5,1,4
BRDA:111,6,0,1
BRDA:116,7,0,1
BRF:14
BRH:13
end_of_record
TN:
SF:src/cache/cache-manager.ts
FN:18,(anonymous_7)
FN:30,(anonymous_8)
FN:77,(anonymous_10)
FN:90,(anonymous_12)
FN:96,(anonymous_14)
FN:97,(anonymous_15)
FN:97,(anonymous_16)
FN:108,(anonymous_17)
FN:114,(anonymous_18)
FN:115,(anonymous_19)
FN:120,(anonymous_20)
FN:135,(anonymous_22)
FN:159,(anonymous_24)
FN:160,(anonymous_25)
FN:168,(anonymous_26)
FNF:15
FNH:12
FNDA:32,(anonymous_7)
FNDA:37,(anonymous_8)
FNDA:20,(anonymous_10)
FNDA:2,(anonymous_12)
FNDA:6,(anonymous_14)
FNDA:5,(anonymous_15)
FNDA:5,(anonymous_16)
FNDA:0,(anonymous_17)
FNDA:0,(anonymous_18)
FNDA:0,(anonymous_19)
FNDA:20,(anonymous_20)
FNDA:11,(anonymous_22)
FNDA:9,(anonymous_24)
FNDA:3,(anonymous_25)
FNDA:6,(anonymous_26)
DA:1,5
DA:4,5
DA:12,5
DA:14,5
DA:19,32
DA:23,32
DA:24,23
DA:27,32
DA:34,37
DA:38,37
DA:39,9
DA:41,9
DA:43,9
DA:45,9
DA:47,2
DA:51,30
DA:52,1
DA:55,29
DA:56,29
DA:58,29
DA:59,8
DA:60,1
DA:64,1
DA:65,1
DA:68,7
DA:69,7
DA:71,7
DA:74,21
DA:78,20
DA:84,20
DA:86,20
DA:87,20
DA:91,2
DA:93,2
DA:95,2
DA:96,6
DA:97,5
DA:98,5
DA:99,5
DA:102,2
DA:109,0
DA:111,0
DA:113,0
DA:114,0
DA:116,0
DA:121,20
DA:122,20
DA:124,20
DA:129,20
DA:136,11
DA:137,11
DA:139,11
DA:141,0
DA:143,0
DA:160,9
DA:161,3
DA:162,3
DA:163,3
DA:166,3
DA:168,6
DA:172,3
LF:61
LH:54
BRDA:23,0,0,23
BRDA:27,1,0,32
BRDA:27,1,1,18
BRDA:32,2,0,34
BRDA:38,3,0,9
BRDA:41,4,0,0
BRDA:45,5,0,7
BRDA:51,6,0,1
BRDA:58,7,0,8
BRDA:59,8,0,1
BRDA:69,9,0,0
BRDA:69,9,1,7
BRDA:69,10,0,7
BRDA:69,10,1,7
BRDA:87,11,0,0
BRDA:87,11,1,20
BRDA:87,12,0,20
BRDA:87,12,1,20
BRDA:93,13,0,0
BRDA:96,14,0,3
BRDA:96,14,1,3
BRDA:102,15,0,0
BRDA:102,15,1,2
BRDA:102,16,0,2
BRDA:102,16,1,2
BRDA:109,17,0,0
BRDA:109,17,1,0
BRDA:109,18,0,0
BRDA:109,18,1,0
BRDA:111,19,0,0
BRDA:114,20,0,0
BRDA:114,20,1,0
BRDA:126,21,0,20
BRDA:126,21,1,0
BRDA:136,22,0,11
BRDA:136,22,1,0
BRDA:137,23,0,11
BRDA:137,23,1,6
BRDA:139,24,0,11
BRDA:139,24,1,6
BRDA:141,25,0,0
BRDA:141,25,1,0
BRDA:141,26,0,0
BRDA:141,26,1,0
BRDA:143,27,0,0
BRDA:143,27,1,0
BRDA:162,28,0,3
BRDA:162,28,1,3
BRDA:162,29,0,0
BRDA:162,29,1,3
BRDA:162,30,0,3
BRDA:162,30,1,3
BRDA:166,31,0,3
BRDA:166,31,1,3
BRDA:166,32,0,0
BRDA:166,32,1,3
BRDA:166,33,0,3
BRDA:166,33,1,3
BRDA:168,34,0,6
BRDA:168,34,1,6
BRDA:173,35,0,3
BRDA:173,35,1,3
BRDA:173,35,2,3
BRDA:173,35,3,3
BRDA:173,36,0,0
BRDA:173,36,1,3
BRDA:173,37,0,3
BRDA:173,37,1,3
BRF:68
BRH:45
end_of_record
TN:
SF:src/cache/cache-memory.ts
FN:3,(anonymous_0)
FN:4,(anonymous_1)
FN:8,(anonymous_2)
FN:12,(anonymous_3)
FN:22,(anonymous_4)
FN:26,(anonymous_5)
FNF:6
FNH:5
FNDA:22,(anonymous_0)
FNDA:22,(anonymous_1)
FNDA:17,(anonymous_2)
FNDA:28,(anonymous_3)
FNDA:2,(anonymous_4)
FNDA:0,(anonymous_5)
DA:3,5
DA:4,22
DA:5,22
DA:7,22
DA:9,17
DA:13,28
DA:15,28
DA:16,12
DA:19,16
DA:23,2
DA:27,0
LF:11
LH:10
BRDA:15,0,0,12
BRF:1
BRH:1
end_of_record
TN:
SF:src/cache/index.ts
FNF:0
FNH:0
DA:1,5
DA:2,5
DA:3,5
DA:4,5
LF:4
LH:4
BRF:0
BRH:0
end_of_record
TN:
SF:src/cache/key-manifest.ts
FN:11,(anonymous_7)
FN:15,(anonymous_8)
FN:27,(anonymous_10)
FN:44,(anonymous_12)
FN:48,(anonymous_13)
FN:52,(anonymous_14)
FNF:6
FNH:6
FNDA:25,(anonymous_7)
FNDA:30,(anonymous_8)
FNDA:11,(anonymous_10)
FNDA:18,(anonymous_12)
FNDA:2,(anonymous_13)
FNDA:25,(anonymous_14)
DA:1,5
DA:8,5
DA:11,25
DA:12,25
DA:16,30
DA:20,30
DA:22,30
DA:28,11
DA:30,11
DA:31,10
DA:32,10
DA:34,10
DA:35,2
DA:40,8
DA:45,18
DA:49,2
DA:53,25
LF:17
LH:17
BRDA:17,0,0,30
BRDA:17,0,1,22
BRDA:17,1,0,22
BRDA:17,1,1,8
BRDA:17,2,0,30
BRDA:17,2,1,8
BRDA:30,3,0,10
BRDA:34,4,0,2
BRF:8
BRH:8
end_of_record
TN:
SF:src/cache/shared.ts
FN:16,(anonymous_0)
FN:26,(anonymous_1)
FN:35,(anonymous_2)
FN:48,(anonymous_3)
FNF:4
FNH:4
FNDA:72,(anonymous_0)
FNDA:133,(anonymous_1)
FNDA:3,(anonymous_2)
FNDA:27,(anonymous_3)
DA:3,5
DA:11,5
DA:16,72
DA:17,72
DA:18,72
DA:19,72
DA:27,133
DA:36,3
DA:38,3
DA:40,3
DA:49,27
DA:51,27
LF:12
LH:12
BRDA:16,0,0,69
BRDA:38,1,0,0
BRDA:38,2,0,3
BRDA:38,2,1,3
BRDA:38,2,2,3
BRDA:38,2,3,3
BRF:6
BRH:5
end_of_record
TN:
SF:src/lock/index.ts
FN:9,(anonymous_15)
FN:10,(anonymous_16)
FN:13,(anonymous_17)
FN:22,(anonymous_18)
FN:29,(anonymous_19)
FN:71,(anonymous_21)
FN:92,(anonymous_23)
FN:93,(anonymous_25)
FN:93,(anonymous_26)
FN:116,(anonymous_27)
FN:139,(anonymous_29)
FN:140,(anonymous_31)
FN:146,(anonymous_32)
FN:174,(anonymous_33)
FN:182,(anonymous_34)
FN:186,(anonymous_35)
FN:189,(anonymous_36)
FN:194,(anonymous_37)
FN:197,(anonymous_38)
FN:202,(anonymous_40)
FN:207,(anonymous_42)
FN:211,(anonymous_44)
FN:217,(anonymous_46)
FNF:23
FNH:2
FNDA:0,(anonymous_15)
FNDA:0,(anonymous_16)
FNDA:2,(anonymous_17)
FNDA:2,(anonymous_18)
FNDA:0,(anonymous_19)
FNDA:0,(anonymous_21)
FNDA:0,(anonymous_23)
FNDA:0,(anonymous_25)
FNDA:0,(anonymous_26)
FNDA:0,(anonymous_27)
FNDA:0,(anonymous_29)
FNDA:0,(anonymous_31)
FNDA:0,(anonymous_32)
FNDA:0,(anonymous_33)
FNDA:0,(anonymous_34)
FNDA:0,(anonymous_35)
FNDA:0,(anonymous_36)
FNDA:0,(anonymous_37)
FNDA:0,(anonymous_38)
FNDA:0,(anonymous_40)
FNDA:0,(anonymous_42)
FNDA:0,(anonymous_44)
FNDA:0,(anonymous_46)
DA:1,2
DA:3,2
DA:5,2
DA:7,2
DA:9,2
DA:10,0
DA:13,2
DA:14,2
DA:17,2
DA:18,2
DA:20,2
DA:23,2
DA:24,2
DA:25,2
DA:30,0
DA:31,0
DA:32,0
DA:34,0
DA:35,0
DA:37,0
DA:38,0
DA:39,0
DA:41,0
DA:50,0
DA:52,0
DA:54,0
DA:55,0
DA:57,0
DA:58,0
DA:59,0
DA:60,0
DA:65,0
DA:68,0
DA:72,0
DA:73,0
DA:74,0
DA:75,0
DA:78,0
DA:80,0
DA:81,0
DA:83,0
DA:84,0
DA:86,0
DA:88,0
DA:93,0
DA:94,0
DA:96,0
DA:97,0
DA:98,0
DA:101,0
DA:103,0
DA:104,0
DA:105,0
DA:106,0
DA:107,0
DA:109,0
DA:110,0
DA:112,0
DA:117,0
DA:118,0
DA:120,0
DA:121,0
DA:122,0
DA:123,0
DA:124,0
DA:125,0
DA:126,0
DA:127,0
DA:128,0
DA:134,0
DA:135,0
DA:140,0
DA:141,0
DA:142,0
DA:143,0
DA:144,0
DA:146,0
DA:147,0
DA:148,0
DA:149,0
DA:150,0
DA:151,0
DA:154,0
DA:155,0
DA:156,0
DA:157,0
DA:158,0
DA:160,0
DA:165,0
DA:166,0
DA:167,0
DA:175,0
DA:176,0
DA:177,0
DA:179,0
DA:183,0
DA:184,0
DA:186,0
DA:190,0
DA:191,0
DA:194,0
DA:198,0
DA:199,0
DA:203,0
DA:204,0
DA:208,0
DA:212,0
DA:214,0
DA:218,0
LF:109
LH:13
BRDA:24,0,0,2
BRDA:29,1,0,0
BRDA:37,2,0,0
BRDA:37,2,1,0
BRDA:54,3,0,0
BRDA:57,4,0,0
BRDA:57,5,0,0
BRDA:57,5,1,0
BRDA:74,6,0,0
BRDA:80,7,0,0
BRDA:96,8,0,0
BRDA:103,9,0,0
BRDA:103,9,1,0
BRDA:122,10,0,0
BRDA:124,11,0,0
BRDA:126,12,0,0
BRDA:134,13,0,0
BRDA:147,14,0,0
BRDA:154,15,0,0
BRDA:157,16,0,0
BRDA:157,16,1,0
BRDA:176,17,0,0
BRDA:183,18,0,0
BRDA:190,19,0,0
BRDA:204,20,0,0
BRDA:204,20,1,0
BRDA:204,21,0,0
BRDA:204,21,1,0
BRDA:214,22,0,0
BRDA:214,22,1,0
BRDA:214,23,0,0
BRDA:214,23,1,0
BRDA:214,24,0,0
BRDA:214,24,1,0
BRF:34
BRH:1
end_of_record
TN:
SF:src/lock/processLock.ts
FN:2,(anonymous_0)
FN:16,(anonymous_1)
FN:32,(anonymous_2)
FN:36,(anonymous_3)
FN:37,(anonymous_4)
FN:47,(anonymous_5)
FN:9,(anonymous_6)
FN:61,getLock
FNF:8
FNH:0
FNDA:0,(anonymous_0)
FNDA:0,(anonymous_1)
FNDA:0,(anonymous_2)
FNDA:0,(anonymous_3)
FNDA:0,(anonymous_4)
FNDA:0,(anonymous_5)
FNDA:0,(anonymous_6)
FNDA:0,getLock
DA:4,0
DA:10,0
DA:11,0
DA:13,0
DA:16,0
DA:17,0
DA:18,0
DA:19,0
DA:20,0
DA:22,0
DA:25,0
DA:26,0
DA:27,0
DA:32,0
DA:33,0
DA:36,0
DA:37,0
DA:38,0
DA:39,0
DA:41,0
DA:42,0
DA:47,0
DA:48,0
DA:49,0
DA:50,0
DA:51,0
DA:53,0
DA:54,0
DA:55,0
DA:56,0
DA:61,2
DA:62,0
LF:32
LH:1
BRDA:18,0,0,0
BRDA:18,0,1,0
BRDA:19,1,0,0
BRDA:19,1,1,0
BRDA:25,2,0,0
BRDA:38,3,0,0
BRDA:38,3,1,0
BRDA:49,4,0,0
BRDA:49,5,0,0
BRDA:49,5,1,0
BRDA:55,6,0,0
BRDA:10,7,0,0
BRF:12
BRH:0
end_of_record
